2022-02-21 15:17:04,054 INFO    MainThread:35252 [internal.py:wandb_internal():92] W&B internal server running at pid: 35252, started at: 2022-02-21 15:17:04.054076
2022-02-21 15:17:04,057 INFO    WriterThread:35252 [datastore.py:open_for_write():77] open: C:\Users\cseka\OneDrive\Documents\deeplearn\Deep-Learning\kj\wandb\run-20220221_151700-b3gv8783\run-b3gv8783.wandb
2022-02-21 15:17:04,059 DEBUG   HandlerThread:35252 [handler.py:handle_request():131] handle_request: check_version
2022-02-21 15:17:04,064 DEBUG   SenderThread:35252 [sender.py:send():235] send: header
2022-02-21 15:17:04,065 DEBUG   SenderThread:35252 [sender.py:send_request():249] send_request: check_version
2022-02-21 15:17:05,703 DEBUG   SenderThread:35252 [sender.py:send():235] send: run
2022-02-21 15:17:06,525 INFO    SenderThread:35252 [dir_watcher.py:__init__():169] watching files in: C:\Users\cseka\OneDrive\Documents\deeplearn\Deep-Learning\kj\wandb\run-20220221_151700-b3gv8783\files
2022-02-21 15:17:06,525 INFO    SenderThread:35252 [sender.py:_start_run_threads():812] run started: b3gv8783 with start time 1645436820
2022-02-21 15:17:06,525 DEBUG   SenderThread:35252 [sender.py:send():235] send: summary
2022-02-21 15:17:06,527 INFO    SenderThread:35252 [sender.py:_save_file():944] saving file wandb-summary.json with policy end
2022-02-21 15:17:06,528 DEBUG   HandlerThread:35252 [handler.py:handle_request():131] handle_request: run_start
2022-02-21 15:17:07,542 INFO    Thread-12 :35252 [dir_watcher.py:_on_file_created():217] file/dir created: C:\Users\cseka\OneDrive\Documents\deeplearn\Deep-Learning\kj\wandb\run-20220221_151700-b3gv8783\files\wandb-summary.json
2022-02-21 15:17:12,611 INFO    Thread-12 :35252 [dir_watcher.py:_on_file_created():217] file/dir created: C:\Users\cseka\OneDrive\Documents\deeplearn\Deep-Learning\kj\wandb\run-20220221_151700-b3gv8783\files\output.log
2022-02-21 15:17:12,804 DEBUG   HandlerThread:35252 [meta.py:__init__():36] meta init
2022-02-21 15:17:12,805 DEBUG   HandlerThread:35252 [meta.py:__init__():50] meta init done
2022-02-21 15:17:12,805 DEBUG   HandlerThread:35252 [meta.py:probe():210] probe
2022-02-21 15:17:13,347 DEBUG   HandlerThread:35252 [meta.py:_setup_git():200] setup git
2022-02-21 15:17:13,749 DEBUG   HandlerThread:35252 [meta.py:_setup_git():207] setup git done
2022-02-21 15:17:13,750 DEBUG   HandlerThread:35252 [meta.py:_save_code():88] save code
2022-02-21 15:17:13,960 DEBUG   HandlerThread:35252 [meta.py:_save_code():109] save code done
2022-02-21 15:17:13,961 DEBUG   HandlerThread:35252 [meta.py:_save_patches():126] save patches
2022-02-21 15:17:14,639 INFO    Thread-12 :35252 [dir_watcher.py:_on_file_modified():230] file/dir modified: C:\Users\cseka\OneDrive\Documents\deeplearn\Deep-Learning\kj\wandb\run-20220221_151700-b3gv8783\files\output.log
2022-02-21 15:17:14,640 INFO    Thread-12 :35252 [dir_watcher.py:_on_file_created():217] file/dir created: C:\Users\cseka\OneDrive\Documents\deeplearn\Deep-Learning\kj\wandb\run-20220221_151700-b3gv8783\files\code\kj\sweep_Run4.py
2022-02-21 15:17:14,642 INFO    Thread-12 :35252 [dir_watcher.py:_on_file_created():217] file/dir created: C:\Users\cseka\OneDrive\Documents\deeplearn\Deep-Learning\kj\wandb\run-20220221_151700-b3gv8783\files\code
2022-02-21 15:17:14,643 INFO    Thread-12 :35252 [dir_watcher.py:_on_file_created():217] file/dir created: C:\Users\cseka\OneDrive\Documents\deeplearn\Deep-Learning\kj\wandb\run-20220221_151700-b3gv8783\files\code\kj
2022-02-21 15:17:15,127 DEBUG   HandlerThread:35252 [meta.py:_save_patches():168] save patches done
2022-02-21 15:17:15,128 DEBUG   HandlerThread:35252 [meta.py:_save_pip():54] save pip
2022-02-21 15:17:15,132 DEBUG   HandlerThread:35252 [meta.py:_save_pip():68] save pip done
2022-02-21 15:17:15,133 DEBUG   HandlerThread:35252 [meta.py:_save_conda():75] save conda
2022-02-21 15:17:15,652 INFO    Thread-12 :35252 [dir_watcher.py:_on_file_created():217] file/dir created: C:\Users\cseka\OneDrive\Documents\deeplearn\Deep-Learning\kj\wandb\run-20220221_151700-b3gv8783\files\requirements.txt
2022-02-21 15:17:15,654 INFO    Thread-12 :35252 [dir_watcher.py:_on_file_created():217] file/dir created: C:\Users\cseka\OneDrive\Documents\deeplearn\Deep-Learning\kj\wandb\run-20220221_151700-b3gv8783\files\conda-environment.yaml
2022-02-21 15:17:15,655 INFO    Thread-12 :35252 [dir_watcher.py:_on_file_created():217] file/dir created: C:\Users\cseka\OneDrive\Documents\deeplearn\Deep-Learning\kj\wandb\run-20220221_151700-b3gv8783\files\diff.patch
2022-02-21 15:17:24,205 DEBUG   HandlerThread:35252 [meta.py:_save_conda():85] save conda done
2022-02-21 15:17:24,207 DEBUG   HandlerThread:35252 [meta.py:probe():248] probe done
2022-02-21 15:17:24,219 DEBUG   HandlerThread:35252 [handler.py:handle_request():131] handle_request: stop_status
2022-02-21 15:17:24,220 DEBUG   SenderThread:35252 [sender.py:send_request():249] send_request: stop_status
2022-02-21 15:17:24,767 INFO    Thread-12 :35252 [dir_watcher.py:_on_file_created():217] file/dir created: C:\Users\cseka\OneDrive\Documents\deeplearn\Deep-Learning\kj\wandb\run-20220221_151700-b3gv8783\files\wandb-metadata.json
2022-02-21 15:17:26,150 DEBUG   SenderThread:35252 [sender.py:send():235] send: run
2022-02-21 15:17:26,792 INFO    Thread-12 :35252 [dir_watcher.py:_on_file_modified():230] file/dir modified: C:\Users\cseka\OneDrive\Documents\deeplearn\Deep-Learning\kj\wandb\run-20220221_151700-b3gv8783\files\config.yaml
2022-02-21 15:17:27,224 INFO    SenderThread:35252 [sender.py:send_run():707] updated run: b3gv8783
2022-02-21 15:17:27,225 DEBUG   SenderThread:35252 [sender.py:send():235] send: files
2022-02-21 15:17:27,227 INFO    SenderThread:35252 [sender.py:_save_file():944] saving file wandb-metadata.json with policy now
2022-02-21 15:17:27,232 INFO    SenderThread:35252 [sender.py:_save_file():944] saving file code\kj\sweep_Run4.py with policy now
2022-02-21 15:17:27,236 INFO    SenderThread:35252 [sender.py:_save_file():944] saving file diff.patch with policy now
2022-02-21 15:17:31,633 DEBUG   HandlerThread:35252 [handler.py:handle_request():131] handle_request: stop_status
2022-02-21 15:17:31,637 DEBUG   SenderThread:35252 [sender.py:send_request():249] send_request: stop_status
2022-02-21 15:17:34,121 INFO    Thread-29 :35252 [upload_job.py:push():137] Uploaded file C:\Users\cseka\AppData\Local\Temp\tmpvpvmm_10wandb\2zz8y9te-wandb-metadata.json
2022-02-21 15:17:35,478 INFO    Thread-30 :35252 [upload_job.py:push():137] Uploaded file C:\Users\cseka\AppData\Local\Temp\tmpvpvmm_10wandb\1ejbnbfp-code/kj/sweep_Run4.py
2022-02-21 15:17:35,967 INFO    Thread-31 :35252 [upload_job.py:push():137] Uploaded file C:\Users\cseka\AppData\Local\Temp\tmpvpvmm_10wandb\3f5a9mg8-diff.patch
2022-02-21 15:17:49,025 DEBUG   HandlerThread:35252 [handler.py:handle_request():131] handle_request: stop_status
2022-02-21 15:17:49,026 DEBUG   SenderThread:35252 [sender.py:send_request():249] send_request: stop_status
2022-02-21 15:17:50,258 DEBUG   SenderThread:35252 [sender.py:send():235] send: stats
2022-02-21 15:17:53,788 DEBUG   SenderThread:35252 [sender.py:send():235] send: history
2022-02-21 15:17:53,790 DEBUG   SenderThread:35252 [sender.py:send():235] send: summary
2022-02-21 15:17:53,802 INFO    SenderThread:35252 [sender.py:_save_file():944] saving file wandb-summary.json with policy end
2022-02-21 15:17:54,738 INFO    Thread-12 :35252 [dir_watcher.py:_on_file_modified():230] file/dir modified: C:\Users\cseka\OneDrive\Documents\deeplearn\Deep-Learning\kj\wandb\run-20220221_151700-b3gv8783\files\output.log
2022-02-21 15:17:54,739 INFO    Thread-12 :35252 [dir_watcher.py:_on_file_modified():230] file/dir modified: C:\Users\cseka\OneDrive\Documents\deeplearn\Deep-Learning\kj\wandb\run-20220221_151700-b3gv8783\files\wandb-summary.json
2022-02-21 15:18:05,105 DEBUG   HandlerThread:35252 [handler.py:handle_request():131] handle_request: stop_status
2022-02-21 15:18:05,106 DEBUG   SenderThread:35252 [sender.py:send_request():249] send_request: stop_status
2022-02-21 15:18:22,003 DEBUG   HandlerThread:35252 [handler.py:handle_request():131] handle_request: stop_status
2022-02-21 15:18:22,004 DEBUG   SenderThread:35252 [sender.py:send_request():249] send_request: stop_status
2022-02-21 15:18:32,570 DEBUG   SenderThread:35252 [sender.py:send():235] send: stats
2022-02-21 15:18:37,788 DEBUG   HandlerThread:35252 [handler.py:handle_request():131] handle_request: stop_status
2022-02-21 15:18:37,789 DEBUG   SenderThread:35252 [sender.py:send_request():249] send_request: stop_status
2022-02-21 15:18:57,866 DEBUG   HandlerThread:35252 [handler.py:handle_request():131] handle_request: stop_status
2022-02-21 15:18:57,867 DEBUG   SenderThread:35252 [sender.py:send_request():249] send_request: stop_status
2022-02-21 15:19:15,309 DEBUG   HandlerThread:35252 [handler.py:handle_request():131] handle_request: stop_status
2022-02-21 15:19:15,310 DEBUG   SenderThread:35252 [sender.py:send_request():249] send_request: stop_status
2022-02-21 15:19:17,236 DEBUG   SenderThread:35252 [sender.py:send():235] send: stats
2022-02-21 15:19:20,464 DEBUG   SenderThread:35252 [sender.py:send():235] send: history
2022-02-21 15:19:20,465 DEBUG   SenderThread:35252 [sender.py:send():235] send: summary
2022-02-21 15:19:20,472 INFO    SenderThread:35252 [sender.py:_save_file():944] saving file wandb-summary.json with policy end
2022-02-21 15:19:21,317 INFO    Thread-12 :35252 [dir_watcher.py:_on_file_modified():230] file/dir modified: C:\Users\cseka\OneDrive\Documents\deeplearn\Deep-Learning\kj\wandb\run-20220221_151700-b3gv8783\files\output.log
2022-02-21 15:19:21,319 INFO    Thread-12 :35252 [dir_watcher.py:_on_file_modified():230] file/dir modified: C:\Users\cseka\OneDrive\Documents\deeplearn\Deep-Learning\kj\wandb\run-20220221_151700-b3gv8783\files\wandb-summary.json
2022-02-21 15:19:32,249 DEBUG   HandlerThread:35252 [handler.py:handle_request():131] handle_request: stop_status
2022-02-21 15:19:32,250 DEBUG   SenderThread:35252 [sender.py:send_request():249] send_request: stop_status
2022-02-21 15:19:51,839 DEBUG   HandlerThread:35252 [handler.py:handle_request():131] handle_request: stop_status
2022-02-21 15:19:51,840 DEBUG   SenderThread:35252 [sender.py:send_request():249] send_request: stop_status
2022-02-21 15:19:56,349 DEBUG   SenderThread:35252 [sender.py:send():235] send: stats
2022-02-21 15:20:06,093 DEBUG   SenderThread:35252 [sender.py:send():235] send: history
2022-02-21 15:20:06,095 DEBUG   SenderThread:35252 [sender.py:send():235] send: summary
2022-02-21 15:20:06,100 INFO    SenderThread:35252 [sender.py:_save_file():944] saving file wandb-summary.json with policy end
2022-02-21 15:20:06,349 INFO    Thread-12 :35252 [dir_watcher.py:_on_file_modified():230] file/dir modified: C:\Users\cseka\OneDrive\Documents\deeplearn\Deep-Learning\kj\wandb\run-20220221_151700-b3gv8783\files\wandb-summary.json
2022-02-21 15:20:07,361 INFO    Thread-12 :35252 [dir_watcher.py:_on_file_modified():230] file/dir modified: C:\Users\cseka\OneDrive\Documents\deeplearn\Deep-Learning\kj\wandb\run-20220221_151700-b3gv8783\files\output.log
2022-02-21 15:20:09,711 DEBUG   HandlerThread:35252 [handler.py:handle_request():131] handle_request: stop_status
2022-02-21 15:20:09,712 DEBUG   SenderThread:35252 [sender.py:send_request():249] send_request: stop_status
2022-02-21 15:20:29,703 DEBUG   HandlerThread:35252 [handler.py:handle_request():131] handle_request: stop_status
2022-02-21 15:20:29,705 DEBUG   SenderThread:35252 [sender.py:send_request():249] send_request: stop_status
2022-02-21 15:20:36,112 DEBUG   SenderThread:35252 [sender.py:send():235] send: stats
2022-02-21 15:20:45,201 DEBUG   SenderThread:35252 [sender.py:send():235] send: history
2022-02-21 15:20:45,202 DEBUG   SenderThread:35252 [sender.py:send():235] send: summary
2022-02-21 15:20:45,204 INFO    SenderThread:35252 [sender.py:_save_file():944] saving file wandb-summary.json with policy end
2022-02-21 15:20:45,260 INFO    Thread-12 :35252 [dir_watcher.py:_on_file_modified():230] file/dir modified: C:\Users\cseka\OneDrive\Documents\deeplearn\Deep-Learning\kj\wandb\run-20220221_151700-b3gv8783\files\wandb-summary.json
2022-02-21 15:20:46,304 INFO    Thread-12 :35252 [dir_watcher.py:_on_file_modified():230] file/dir modified: C:\Users\cseka\OneDrive\Documents\deeplearn\Deep-Learning\kj\wandb\run-20220221_151700-b3gv8783\files\output.log
2022-02-21 15:20:46,601 DEBUG   HandlerThread:35252 [handler.py:handle_request():131] handle_request: stop_status
2022-02-21 15:20:46,602 DEBUG   SenderThread:35252 [sender.py:send_request():249] send_request: stop_status
2022-02-21 15:21:06,623 DEBUG   HandlerThread:35252 [handler.py:handle_request():131] handle_request: stop_status
2022-02-21 15:21:13,777 INFO    Thread-12 :35252 [dir_watcher.py:_on_file_modified():230] file/dir modified: C:\Users\cseka\OneDrive\Documents\deeplearn\Deep-Learning\kj\wandb\run-20220221_151700-b3gv8783\files\output.log
2022-02-21 15:21:17,962 INFO    Thread-12 :35252 [dir_watcher.py:_on_file_modified():230] file/dir modified: C:\Users\cseka\OneDrive\Documents\deeplearn\Deep-Learning\kj\wandb\run-20220221_151700-b3gv8783\files\output.log
2022-02-21 15:21:21,510 ERROR   SenderThread:35252 [retry.py:__call__():126] Retry attempt failed:
Traceback (most recent call last):
  File "C:\ProgramData\Anaconda3\lib\site-packages\urllib3\connectionpool.py", line 346, in _make_request
    self._validate_conn(conn)
  File "C:\ProgramData\Anaconda3\lib\site-packages\urllib3\connectionpool.py", line 850, in _validate_conn
    conn.connect()
  File "C:\ProgramData\Anaconda3\lib\site-packages\urllib3\connection.py", line 326, in connect
    ssl_context=context)
  File "C:\ProgramData\Anaconda3\lib\site-packages\urllib3\util\ssl_.py", line 329, in ssl_wrap_socket
    return context.wrap_socket(sock, server_hostname=server_hostname)
  File "C:\ProgramData\Anaconda3\lib\ssl.py", line 407, in wrap_socket
    _context=self, _session=session)
  File "C:\ProgramData\Anaconda3\lib\ssl.py", line 814, in __init__
    self.do_handshake()
  File "C:\ProgramData\Anaconda3\lib\ssl.py", line 1068, in do_handshake
    self._sslobj.do_handshake()
  File "C:\ProgramData\Anaconda3\lib\ssl.py", line 689, in do_handshake
    self._sslobj.do_handshake()
socket.timeout: _ssl.c:817: The handshake operation timed out

During handling of the above exception, another exception occurred:

Traceback (most recent call last):
  File "C:\Users\cseka\AppData\Roaming\Python\Python36\site-packages\requests\adapters.py", line 449, in send
    timeout=timeout
  File "C:\ProgramData\Anaconda3\lib\site-packages\urllib3\connectionpool.py", line 639, in urlopen
    _stacktrace=sys.exc_info()[2])
  File "C:\ProgramData\Anaconda3\lib\site-packages\urllib3\util\retry.py", line 357, in increment
    raise six.reraise(type(error), error, _stacktrace)
  File "C:\ProgramData\Anaconda3\lib\site-packages\urllib3\packages\six.py", line 686, in reraise
    raise value
  File "C:\ProgramData\Anaconda3\lib\site-packages\urllib3\connectionpool.py", line 601, in urlopen
    chunked=chunked)
  File "C:\ProgramData\Anaconda3\lib\site-packages\urllib3\connectionpool.py", line 349, in _make_request
    self._raise_timeout(err=e, url=url, timeout_value=conn.timeout)
  File "C:\ProgramData\Anaconda3\lib\site-packages\urllib3\connectionpool.py", line 309, in _raise_timeout
    raise ReadTimeoutError(self, url, "Read timed out. (read timeout=%s)" % timeout_value)
urllib3.exceptions.ReadTimeoutError: HTTPSConnectionPool(host='api.wandb.ai', port=443): Read timed out. (read timeout=10)

During handling of the above exception, another exception occurred:

Traceback (most recent call last):
  File "C:\Users\cseka\AppData\Roaming\Python\Python36\site-packages\wandb\sdk\lib\retry.py", line 102, in __call__
    result = self._call_fn(*args, **kwargs)
  File "C:\Users\cseka\AppData\Roaming\Python\Python36\site-packages\wandb\sdk\internal\internal_api.py", line 140, in execute
    return self.client.execute(*args, **kwargs)
  File "C:\Users\cseka\AppData\Roaming\Python\Python36\site-packages\wandb\vendor\gql-0.2.0\gql\client.py", line 52, in execute
    result = self._get_result(document, *args, **kwargs)
  File "C:\Users\cseka\AppData\Roaming\Python\Python36\site-packages\wandb\vendor\gql-0.2.0\gql\client.py", line 60, in _get_result
    return self.transport.execute(document, *args, **kwargs)
  File "C:\Users\cseka\AppData\Roaming\Python\Python36\site-packages\wandb\vendor\gql-0.2.0\gql\transport\requests.py", line 38, in execute
    request = requests.post(self.url, **post_args)
  File "C:\Users\cseka\AppData\Roaming\Python\Python36\site-packages\requests\api.py", line 117, in post
    return request('post', url, data=data, json=json, **kwargs)
  File "C:\Users\cseka\AppData\Roaming\Python\Python36\site-packages\requests\api.py", line 61, in request
    return session.request(method=method, url=url, **kwargs)
  File "C:\Users\cseka\AppData\Roaming\Python\Python36\site-packages\requests\sessions.py", line 542, in request
    resp = self.send(prep, **send_kwargs)
  File "C:\Users\cseka\AppData\Roaming\Python\Python36\site-packages\requests\sessions.py", line 655, in send
    r = adapter.send(request, **kwargs)
  File "C:\Users\cseka\AppData\Roaming\Python\Python36\site-packages\requests\adapters.py", line 529, in send
    raise ReadTimeout(e, request=request)
requests.exceptions.ReadTimeout: HTTPSConnectionPool(host='api.wandb.ai', port=443): Read timed out. (read timeout=10)
2022-02-21 15:21:22,954 DEBUG   HandlerThread:35252 [handler.py:handle_request():131] handle_request: poll_exit
2022-02-21 15:21:23,027 INFO    Thread-12 :35252 [dir_watcher.py:_on_file_modified():230] file/dir modified: C:\Users\cseka\OneDrive\Documents\deeplearn\Deep-Learning\kj\wandb\run-20220221_151700-b3gv8783\files\output.log
2022-02-21 15:21:28,160 DEBUG   HandlerThread:35252 [handler.py:handle_request():131] handle_request: poll_exit
2022-02-21 15:21:33,018 DEBUG   SenderThread:35252 [sender.py:send_request():249] send_request: stop_status
2022-02-21 15:21:33,145 DEBUG   HandlerThread:35252 [handler.py:handle_request():131] handle_request: poll_exit
2022-02-21 15:21:38,260 DEBUG   HandlerThread:35252 [handler.py:handle_request():131] handle_request: poll_exit
2022-02-21 15:21:43,381 DEBUG   HandlerThread:35252 [handler.py:handle_request():131] handle_request: poll_exit
2022-02-21 15:21:48,494 DEBUG   HandlerThread:35252 [handler.py:handle_request():131] handle_request: poll_exit
2022-02-21 15:21:53,613 DEBUG   HandlerThread:35252 [handler.py:handle_request():131] handle_request: poll_exit
2022-02-21 15:21:58,776 DEBUG   HandlerThread:35252 [handler.py:handle_request():131] handle_request: poll_exit
2022-02-21 15:22:03,893 DEBUG   HandlerThread:35252 [handler.py:handle_request():131] handle_request: poll_exit
2022-02-21 15:22:09,006 DEBUG   HandlerThread:35252 [handler.py:handle_request():131] handle_request: poll_exit
2022-02-21 15:22:12,283 ERROR   SenderThread:35252 [retry.py:__call__():126] Retry attempt failed:
Traceback (most recent call last):
  File "C:\ProgramData\Anaconda3\lib\site-packages\urllib3\connectionpool.py", line 387, in _make_request
    six.raise_from(e, None)
  File "<string>", line 2, in raise_from
  File "C:\ProgramData\Anaconda3\lib\site-packages\urllib3\connectionpool.py", line 383, in _make_request
    httplib_response = conn.getresponse()
  File "C:\ProgramData\Anaconda3\lib\http\client.py", line 1331, in getresponse
    response.begin()
  File "C:\ProgramData\Anaconda3\lib\http\client.py", line 297, in begin
    version, status, reason = self._read_status()
  File "C:\ProgramData\Anaconda3\lib\http\client.py", line 258, in _read_status
    line = str(self.fp.readline(_MAXLINE + 1), "iso-8859-1")
  File "C:\ProgramData\Anaconda3\lib\socket.py", line 586, in readinto
    return self._sock.recv_into(b)
  File "C:\ProgramData\Anaconda3\lib\ssl.py", line 1009, in recv_into
    return self.read(nbytes, buffer)
  File "C:\ProgramData\Anaconda3\lib\ssl.py", line 871, in read
    return self._sslobj.read(len, buffer)
  File "C:\ProgramData\Anaconda3\lib\ssl.py", line 631, in read
    v = self._sslobj.read(len, buffer)
socket.timeout: The read operation timed out

During handling of the above exception, another exception occurred:

Traceback (most recent call last):
  File "C:\Users\cseka\AppData\Roaming\Python\Python36\site-packages\requests\adapters.py", line 449, in send
    timeout=timeout
  File "C:\ProgramData\Anaconda3\lib\site-packages\urllib3\connectionpool.py", line 639, in urlopen
    _stacktrace=sys.exc_info()[2])
  File "C:\ProgramData\Anaconda3\lib\site-packages\urllib3\util\retry.py", line 357, in increment
    raise six.reraise(type(error), error, _stacktrace)
  File "C:\ProgramData\Anaconda3\lib\site-packages\urllib3\packages\six.py", line 686, in reraise
    raise value
  File "C:\ProgramData\Anaconda3\lib\site-packages\urllib3\connectionpool.py", line 601, in urlopen
    chunked=chunked)
  File "C:\ProgramData\Anaconda3\lib\site-packages\urllib3\connectionpool.py", line 389, in _make_request
    self._raise_timeout(err=e, url=url, timeout_value=read_timeout)
  File "C:\ProgramData\Anaconda3\lib\site-packages\urllib3\connectionpool.py", line 309, in _raise_timeout
    raise ReadTimeoutError(self, url, "Read timed out. (read timeout=%s)" % timeout_value)
urllib3.exceptions.ReadTimeoutError: HTTPSConnectionPool(host='api.wandb.ai', port=443): Read timed out. (read timeout=10)

During handling of the above exception, another exception occurred:

Traceback (most recent call last):
  File "C:\Users\cseka\AppData\Roaming\Python\Python36\site-packages\wandb\sdk\lib\retry.py", line 102, in __call__
    result = self._call_fn(*args, **kwargs)
  File "C:\Users\cseka\AppData\Roaming\Python\Python36\site-packages\wandb\sdk\internal\internal_api.py", line 140, in execute
    return self.client.execute(*args, **kwargs)
  File "C:\Users\cseka\AppData\Roaming\Python\Python36\site-packages\wandb\vendor\gql-0.2.0\gql\client.py", line 52, in execute
    result = self._get_result(document, *args, **kwargs)
  File "C:\Users\cseka\AppData\Roaming\Python\Python36\site-packages\wandb\vendor\gql-0.2.0\gql\client.py", line 60, in _get_result
    return self.transport.execute(document, *args, **kwargs)
  File "C:\Users\cseka\AppData\Roaming\Python\Python36\site-packages\wandb\vendor\gql-0.2.0\gql\transport\requests.py", line 38, in execute
    request = requests.post(self.url, **post_args)
  File "C:\Users\cseka\AppData\Roaming\Python\Python36\site-packages\requests\api.py", line 117, in post
    return request('post', url, data=data, json=json, **kwargs)
  File "C:\Users\cseka\AppData\Roaming\Python\Python36\site-packages\requests\api.py", line 61, in request
    return session.request(method=method, url=url, **kwargs)
  File "C:\Users\cseka\AppData\Roaming\Python\Python36\site-packages\requests\sessions.py", line 542, in request
    resp = self.send(prep, **send_kwargs)
  File "C:\Users\cseka\AppData\Roaming\Python\Python36\site-packages\requests\sessions.py", line 655, in send
    r = adapter.send(request, **kwargs)
  File "C:\Users\cseka\AppData\Roaming\Python\Python36\site-packages\requests\adapters.py", line 529, in send
    raise ReadTimeout(e, request=request)
requests.exceptions.ReadTimeout: HTTPSConnectionPool(host='api.wandb.ai', port=443): Read timed out. (read timeout=10)
2022-02-21 15:22:14,127 DEBUG   HandlerThread:35252 [handler.py:handle_request():131] handle_request: poll_exit
2022-02-21 15:22:19,242 DEBUG   HandlerThread:35252 [handler.py:handle_request():131] handle_request: poll_exit
2022-02-21 15:22:24,358 DEBUG   HandlerThread:35252 [handler.py:handle_request():131] handle_request: poll_exit
2022-02-21 15:22:29,499 DEBUG   HandlerThread:35252 [handler.py:handle_request():131] handle_request: poll_exit
2022-02-21 15:22:34,617 DEBUG   HandlerThread:35252 [handler.py:handle_request():131] handle_request: poll_exit
2022-02-21 15:22:39,736 DEBUG   HandlerThread:35252 [handler.py:handle_request():131] handle_request: poll_exit
2022-02-21 15:22:44,860 DEBUG   HandlerThread:35252 [handler.py:handle_request():131] handle_request: poll_exit
2022-02-21 15:22:49,977 DEBUG   HandlerThread:35252 [handler.py:handle_request():131] handle_request: poll_exit
2022-02-21 15:22:55,095 DEBUG   HandlerThread:35252 [handler.py:handle_request():131] handle_request: poll_exit
2022-02-21 15:23:00,203 DEBUG   HandlerThread:35252 [handler.py:handle_request():131] handle_request: poll_exit
2022-02-21 15:23:05,317 DEBUG   HandlerThread:35252 [handler.py:handle_request():131] handle_request: poll_exit
2022-02-21 15:23:10,429 DEBUG   HandlerThread:35252 [handler.py:handle_request():131] handle_request: poll_exit
2022-02-21 15:23:15,545 DEBUG   HandlerThread:35252 [handler.py:handle_request():131] handle_request: poll_exit
2022-02-21 15:23:20,657 DEBUG   HandlerThread:35252 [handler.py:handle_request():131] handle_request: poll_exit
2022-02-21 15:23:25,774 DEBUG   HandlerThread:35252 [handler.py:handle_request():131] handle_request: poll_exit
2022-02-21 15:23:30,890 DEBUG   HandlerThread:35252 [handler.py:handle_request():131] handle_request: poll_exit
2022-02-21 15:23:36,122 DEBUG   HandlerThread:35252 [handler.py:handle_request():131] handle_request: poll_exit
2022-02-21 15:23:41,219 DEBUG   HandlerThread:35252 [handler.py:handle_request():131] handle_request: poll_exit
2022-02-21 15:23:46,335 DEBUG   HandlerThread:35252 [handler.py:handle_request():131] handle_request: poll_exit
2022-02-21 15:23:51,448 DEBUG   HandlerThread:35252 [handler.py:handle_request():131] handle_request: poll_exit
2022-02-21 15:23:56,644 DEBUG   HandlerThread:35252 [handler.py:handle_request():131] handle_request: poll_exit
2022-02-21 15:23:57,179 DEBUG   SenderThread:35252 [sender.py:send():235] send: stats
2022-02-21 15:23:57,180 DEBUG   SenderThread:35252 [sender.py:send():235] send: history
2022-02-21 15:23:57,181 DEBUG   SenderThread:35252 [sender.py:send():235] send: summary
2022-02-21 15:23:57,184 INFO    SenderThread:35252 [sender.py:_save_file():944] saving file wandb-summary.json with policy end
2022-02-21 15:23:57,186 DEBUG   SenderThread:35252 [sender.py:send():235] send: history
2022-02-21 15:23:57,187 DEBUG   SenderThread:35252 [sender.py:send():235] send: summary
2022-02-21 15:23:57,189 INFO    SenderThread:35252 [sender.py:_save_file():944] saving file wandb-summary.json with policy end
2022-02-21 15:23:57,191 DEBUG   SenderThread:35252 [sender.py:send():235] send: telemetry
2022-02-21 15:23:57,191 DEBUG   SenderThread:35252 [sender.py:send():235] send: exit
2022-02-21 15:23:57,191 INFO    SenderThread:35252 [sender.py:send_exit():371] handling exit code: 0
2022-02-21 15:23:57,194 INFO    SenderThread:35252 [sender.py:send_exit():373] handling runtime: 256
2022-02-21 15:23:57,197 INFO    SenderThread:35252 [sender.py:_save_file():944] saving file wandb-summary.json with policy end
2022-02-21 15:23:57,198 INFO    SenderThread:35252 [sender.py:send_exit():379] send defer
2022-02-21 15:23:57,199 DEBUG   SenderThread:35252 [sender.py:send_request():249] send_request: poll_exit
2022-02-21 15:23:57,200 DEBUG   SenderThread:35252 [sender.py:send_request():249] send_request: poll_exit
2022-02-21 15:23:57,201 DEBUG   SenderThread:35252 [sender.py:send_request():249] send_request: poll_exit
2022-02-21 15:23:57,201 DEBUG   SenderThread:35252 [sender.py:send_request():249] send_request: poll_exit
2022-02-21 15:23:57,202 DEBUG   SenderThread:35252 [sender.py:send_request():249] send_request: poll_exit
2022-02-21 15:23:57,203 DEBUG   SenderThread:35252 [sender.py:send_request():249] send_request: poll_exit
2022-02-21 15:23:57,204 DEBUG   SenderThread:35252 [sender.py:send():235] send: stats
2022-02-21 15:23:57,205 DEBUG   HandlerThread:35252 [handler.py:handle_request():131] handle_request: defer
2022-02-21 15:23:57,206 DEBUG   SenderThread:35252 [sender.py:send_request():249] send_request: poll_exit
2022-02-21 15:23:57,207 INFO    HandlerThread:35252 [handler.py:handle_request_defer():154] handle defer: 0
2022-02-21 15:23:57,207 DEBUG   SenderThread:35252 [sender.py:send_request():249] send_request: poll_exit
2022-02-21 15:23:57,209 DEBUG   SenderThread:35252 [sender.py:send_request():249] send_request: poll_exit
2022-02-21 15:23:57,210 DEBUG   SenderThread:35252 [sender.py:send_request():249] send_request: poll_exit
2022-02-21 15:23:57,211 DEBUG   SenderThread:35252 [sender.py:send_request():249] send_request: poll_exit
2022-02-21 15:23:57,212 DEBUG   SenderThread:35252 [sender.py:send_request():249] send_request: poll_exit
2022-02-21 15:23:57,213 DEBUG   SenderThread:35252 [sender.py:send_request():249] send_request: poll_exit
2022-02-21 15:23:57,214 DEBUG   SenderThread:35252 [sender.py:send_request():249] send_request: poll_exit
2022-02-21 15:23:57,215 DEBUG   SenderThread:35252 [sender.py:send():235] send: stats
2022-02-21 15:23:57,216 DEBUG   SenderThread:35252 [sender.py:send_request():249] send_request: poll_exit
2022-02-21 15:23:57,217 DEBUG   SenderThread:35252 [sender.py:send_request():249] send_request: poll_exit
2022-02-21 15:23:57,218 DEBUG   SenderThread:35252 [sender.py:send_request():249] send_request: poll_exit
2022-02-21 15:23:57,218 DEBUG   SenderThread:35252 [sender.py:send_request():249] send_request: poll_exit
2022-02-21 15:23:57,219 DEBUG   SenderThread:35252 [sender.py:send_request():249] send_request: poll_exit
2022-02-21 15:23:57,220 DEBUG   SenderThread:35252 [sender.py:send_request():249] send_request: poll_exit
2022-02-21 15:23:57,221 DEBUG   SenderThread:35252 [sender.py:send_request():249] send_request: poll_exit
2022-02-21 15:23:57,221 DEBUG   SenderThread:35252 [sender.py:send():235] send: stats
2022-02-21 15:23:57,223 DEBUG   SenderThread:35252 [sender.py:send_request():249] send_request: poll_exit
2022-02-21 15:23:57,223 DEBUG   SenderThread:35252 [sender.py:send_request():249] send_request: poll_exit
2022-02-21 15:23:57,224 DEBUG   SenderThread:35252 [sender.py:send_request():249] send_request: poll_exit
2022-02-21 15:23:57,225 DEBUG   SenderThread:35252 [sender.py:send_request():249] send_request: poll_exit
2022-02-21 15:23:57,226 DEBUG   SenderThread:35252 [sender.py:send_request():249] send_request: poll_exit
2022-02-21 15:23:57,228 DEBUG   SenderThread:35252 [sender.py:send_request():249] send_request: poll_exit
2022-02-21 15:23:57,229 DEBUG   SenderThread:35252 [sender.py:send_request():249] send_request: poll_exit
2022-02-21 15:23:57,232 DEBUG   SenderThread:35252 [sender.py:send_request():249] send_request: poll_exit
2022-02-21 15:23:57,233 DEBUG   SenderThread:35252 [sender.py:send():235] send: stats
2022-02-21 15:23:57,234 DEBUG   SenderThread:35252 [sender.py:send_request():249] send_request: poll_exit
2022-02-21 15:23:57,235 DEBUG   SenderThread:35252 [sender.py:send_request():249] send_request: poll_exit
2022-02-21 15:23:57,236 DEBUG   SenderThread:35252 [sender.py:send_request():249] send_request: defer
2022-02-21 15:23:57,236 INFO    SenderThread:35252 [sender.py:send_request_defer():388] handle sender defer: 0
2022-02-21 15:23:57,237 INFO    SenderThread:35252 [sender.py:transition_state():392] send defer: 1
2022-02-21 15:23:57,238 DEBUG   HandlerThread:35252 [handler.py:handle_request():131] handle_request: defer
2022-02-21 15:23:57,238 INFO    HandlerThread:35252 [handler.py:handle_request_defer():154] handle defer: 1
2022-02-21 15:23:57,786 INFO    Thread-12 :35252 [dir_watcher.py:_on_file_modified():230] file/dir modified: C:\Users\cseka\OneDrive\Documents\deeplearn\Deep-Learning\kj\wandb\run-20220221_151700-b3gv8783\files\wandb-summary.json
2022-02-21 15:23:57,865 DEBUG   SenderThread:35252 [sender.py:send_request():249] send_request: defer
2022-02-21 15:23:57,866 INFO    SenderThread:35252 [sender.py:send_request_defer():388] handle sender defer: 1
2022-02-21 15:23:57,867 DEBUG   HandlerThread:35252 [handler.py:handle_request():131] handle_request: poll_exit
2022-02-21 15:23:57,867 INFO    SenderThread:35252 [sender.py:transition_state():392] send defer: 2
2022-02-21 15:23:57,869 DEBUG   SenderThread:35252 [sender.py:send_request():249] send_request: poll_exit
2022-02-21 15:23:57,872 DEBUG   SenderThread:35252 [sender.py:send():235] send: stats
2022-02-21 15:23:57,877 DEBUG   HandlerThread:35252 [handler.py:handle_request():131] handle_request: defer
2022-02-21 15:23:57,882 INFO    HandlerThread:35252 [handler.py:handle_request_defer():154] handle defer: 2
2022-02-21 15:23:57,883 DEBUG   SenderThread:35252 [sender.py:send_request():249] send_request: defer
2022-02-21 15:23:57,884 INFO    SenderThread:35252 [sender.py:send_request_defer():388] handle sender defer: 2
2022-02-21 15:23:57,885 INFO    SenderThread:35252 [sender.py:transition_state():392] send defer: 3
2022-02-21 15:23:57,887 DEBUG   HandlerThread:35252 [handler.py:handle_request():131] handle_request: defer
2022-02-21 15:23:57,887 INFO    HandlerThread:35252 [handler.py:handle_request_defer():154] handle defer: 3
2022-02-21 15:23:57,889 DEBUG   SenderThread:35252 [sender.py:send():235] send: summary
2022-02-21 15:23:57,895 INFO    SenderThread:35252 [sender.py:_save_file():944] saving file wandb-summary.json with policy end
2022-02-21 15:23:57,897 DEBUG   SenderThread:35252 [sender.py:send_request():249] send_request: defer
2022-02-21 15:23:57,898 INFO    SenderThread:35252 [sender.py:send_request_defer():388] handle sender defer: 3
2022-02-21 15:23:57,899 INFO    SenderThread:35252 [sender.py:transition_state():392] send defer: 4
2022-02-21 15:23:57,901 DEBUG   HandlerThread:35252 [handler.py:handle_request():131] handle_request: defer
2022-02-21 15:23:57,902 INFO    HandlerThread:35252 [handler.py:handle_request_defer():154] handle defer: 4
2022-02-21 15:23:57,904 DEBUG   SenderThread:35252 [sender.py:send_request():249] send_request: defer
2022-02-21 15:23:57,905 INFO    SenderThread:35252 [sender.py:send_request_defer():388] handle sender defer: 4
2022-02-21 15:23:58,056 DEBUG   HandlerThread:35252 [handler.py:handle_request():131] handle_request: poll_exit
2022-02-21 15:23:58,836 INFO    Thread-12 :35252 [dir_watcher.py:_on_file_modified():230] file/dir modified: C:\Users\cseka\OneDrive\Documents\deeplearn\Deep-Learning\kj\wandb\run-20220221_151700-b3gv8783\files\wandb-summary.json
2022-02-21 15:23:59,304 INFO    SenderThread:35252 [sender.py:transition_state():392] send defer: 5
2022-02-21 15:23:59,305 DEBUG   SenderThread:35252 [sender.py:send_request():249] send_request: poll_exit
2022-02-21 15:23:59,307 DEBUG   HandlerThread:35252 [handler.py:handle_request():131] handle_request: defer
2022-02-21 15:23:59,307 INFO    HandlerThread:35252 [handler.py:handle_request_defer():154] handle defer: 5
2022-02-21 15:23:59,308 DEBUG   SenderThread:35252 [sender.py:send_request():249] send_request: defer
2022-02-21 15:23:59,308 INFO    SenderThread:35252 [sender.py:send_request_defer():388] handle sender defer: 5
2022-02-21 15:23:59,309 INFO    SenderThread:35252 [dir_watcher.py:finish():283] shutting down directory watcher
2022-02-21 15:23:59,484 DEBUG   HandlerThread:35252 [handler.py:handle_request():131] handle_request: poll_exit
2022-02-21 15:23:59,856 INFO    SenderThread:35252 [dir_watcher.py:_on_file_modified():230] file/dir modified: C:\Users\cseka\OneDrive\Documents\deeplearn\Deep-Learning\kj\wandb\run-20220221_151700-b3gv8783\files\config.yaml
2022-02-21 15:23:59,858 INFO    SenderThread:35252 [dir_watcher.py:finish():313] scan: C:\Users\cseka\OneDrive\Documents\deeplearn\Deep-Learning\kj\wandb\run-20220221_151700-b3gv8783\files
2022-02-21 15:23:59,861 INFO    SenderThread:35252 [dir_watcher.py:finish():327] scan save: C:\Users\cseka\OneDrive\Documents\deeplearn\Deep-Learning\kj\wandb\run-20220221_151700-b3gv8783\files\conda-environment.yaml conda-environment.yaml
2022-02-21 15:23:59,863 INFO    SenderThread:35252 [dir_watcher.py:finish():327] scan save: C:\Users\cseka\OneDrive\Documents\deeplearn\Deep-Learning\kj\wandb\run-20220221_151700-b3gv8783\files\config.yaml config.yaml
2022-02-21 15:23:59,865 INFO    SenderThread:35252 [dir_watcher.py:finish():327] scan save: C:\Users\cseka\OneDrive\Documents\deeplearn\Deep-Learning\kj\wandb\run-20220221_151700-b3gv8783\files\diff.patch diff.patch
2022-02-21 15:23:59,866 INFO    SenderThread:35252 [dir_watcher.py:finish():327] scan save: C:\Users\cseka\OneDrive\Documents\deeplearn\Deep-Learning\kj\wandb\run-20220221_151700-b3gv8783\files\output.log output.log
2022-02-21 15:23:59,869 INFO    SenderThread:35252 [dir_watcher.py:finish():327] scan save: C:\Users\cseka\OneDrive\Documents\deeplearn\Deep-Learning\kj\wandb\run-20220221_151700-b3gv8783\files\requirements.txt requirements.txt
2022-02-21 15:23:59,873 INFO    SenderThread:35252 [dir_watcher.py:finish():327] scan save: C:\Users\cseka\OneDrive\Documents\deeplearn\Deep-Learning\kj\wandb\run-20220221_151700-b3gv8783\files\wandb-metadata.json wandb-metadata.json
2022-02-21 15:23:59,874 INFO    SenderThread:35252 [dir_watcher.py:finish():327] scan save: C:\Users\cseka\OneDrive\Documents\deeplearn\Deep-Learning\kj\wandb\run-20220221_151700-b3gv8783\files\wandb-summary.json wandb-summary.json
2022-02-21 15:23:59,878 INFO    SenderThread:35252 [dir_watcher.py:finish():327] scan save: C:\Users\cseka\OneDrive\Documents\deeplearn\Deep-Learning\kj\wandb\run-20220221_151700-b3gv8783\files\code\kj\sweep_Run4.py code\kj\sweep_Run4.py
2022-02-21 15:23:59,880 INFO    SenderThread:35252 [sender.py:transition_state():392] send defer: 6
2022-02-21 15:23:59,882 DEBUG   SenderThread:35252 [sender.py:send_request():249] send_request: poll_exit
2022-02-21 15:23:59,885 DEBUG   HandlerThread:35252 [handler.py:handle_request():131] handle_request: defer
2022-02-21 15:23:59,885 INFO    HandlerThread:35252 [handler.py:handle_request_defer():154] handle defer: 6
2022-02-21 15:23:59,886 DEBUG   SenderThread:35252 [sender.py:send_request():249] send_request: defer
2022-02-21 15:23:59,887 INFO    SenderThread:35252 [sender.py:send_request_defer():388] handle sender defer: 6
2022-02-21 15:23:59,905 INFO    SenderThread:35252 [file_pusher.py:finish():177] shutting down file pusher
2022-02-21 15:24:00,111 DEBUG   HandlerThread:35252 [handler.py:handle_request():131] handle_request: poll_exit
2022-02-21 15:24:00,112 DEBUG   SenderThread:35252 [sender.py:send_request():249] send_request: poll_exit
2022-02-21 15:24:00,436 DEBUG   HandlerThread:35252 [handler.py:handle_request():131] handle_request: poll_exit
2022-02-21 15:24:00,437 DEBUG   SenderThread:35252 [sender.py:send_request():249] send_request: poll_exit
2022-02-21 15:24:00,572 DEBUG   HandlerThread:35252 [handler.py:handle_request():131] handle_request: poll_exit
2022-02-21 15:24:00,596 DEBUG   SenderThread:35252 [sender.py:send_request():249] send_request: poll_exit
2022-02-21 15:24:00,766 DEBUG   HandlerThread:35252 [handler.py:handle_request():131] handle_request: poll_exit
2022-02-21 15:24:00,767 DEBUG   SenderThread:35252 [sender.py:send_request():249] send_request: poll_exit
2022-02-21 15:24:00,907 DEBUG   HandlerThread:35252 [handler.py:handle_request():131] handle_request: poll_exit
2022-02-21 15:24:00,909 DEBUG   SenderThread:35252 [sender.py:send_request():249] send_request: poll_exit
2022-02-21 15:24:01,122 DEBUG   HandlerThread:35252 [handler.py:handle_request():131] handle_request: poll_exit
2022-02-21 15:24:01,124 DEBUG   SenderThread:35252 [sender.py:send_request():249] send_request: poll_exit
2022-02-21 15:24:01,325 DEBUG   HandlerThread:35252 [handler.py:handle_request():131] handle_request: poll_exit
2022-02-21 15:24:01,328 DEBUG   SenderThread:35252 [sender.py:send_request():249] send_request: poll_exit
2022-02-21 15:24:01,565 DEBUG   HandlerThread:35252 [handler.py:handle_request():131] handle_request: poll_exit
2022-02-21 15:24:01,566 DEBUG   SenderThread:35252 [sender.py:send_request():249] send_request: poll_exit
2022-02-21 15:24:01,699 DEBUG   HandlerThread:35252 [handler.py:handle_request():131] handle_request: poll_exit
2022-02-21 15:24:01,700 DEBUG   SenderThread:35252 [sender.py:send_request():249] send_request: poll_exit
2022-02-21 15:24:01,826 DEBUG   HandlerThread:35252 [handler.py:handle_request():131] handle_request: poll_exit
2022-02-21 15:24:01,827 DEBUG   SenderThread:35252 [sender.py:send_request():249] send_request: poll_exit
2022-02-21 15:24:01,953 DEBUG   HandlerThread:35252 [handler.py:handle_request():131] handle_request: poll_exit
2022-02-21 15:24:01,958 DEBUG   SenderThread:35252 [sender.py:send_request():249] send_request: poll_exit
2022-02-21 15:24:02,315 DEBUG   HandlerThread:35252 [handler.py:handle_request():131] handle_request: poll_exit
2022-02-21 15:24:02,317 DEBUG   SenderThread:35252 [sender.py:send_request():249] send_request: poll_exit
2022-02-21 15:24:02,499 DEBUG   HandlerThread:35252 [handler.py:handle_request():131] handle_request: poll_exit
2022-02-21 15:24:02,501 DEBUG   SenderThread:35252 [sender.py:send_request():249] send_request: poll_exit
2022-02-21 15:24:02,634 DEBUG   HandlerThread:35252 [handler.py:handle_request():131] handle_request: poll_exit
2022-02-21 15:24:02,635 DEBUG   SenderThread:35252 [sender.py:send_request():249] send_request: poll_exit
2022-02-21 15:24:02,764 DEBUG   HandlerThread:35252 [handler.py:handle_request():131] handle_request: poll_exit
2022-02-21 15:24:02,765 DEBUG   SenderThread:35252 [sender.py:send_request():249] send_request: poll_exit
2022-02-21 15:24:02,895 DEBUG   HandlerThread:35252 [handler.py:handle_request():131] handle_request: poll_exit
2022-02-21 15:24:02,896 DEBUG   SenderThread:35252 [sender.py:send_request():249] send_request: poll_exit
2022-02-21 15:24:03,017 DEBUG   HandlerThread:35252 [handler.py:handle_request():131] handle_request: poll_exit
2022-02-21 15:24:03,018 DEBUG   SenderThread:35252 [sender.py:send_request():249] send_request: poll_exit
2022-02-21 15:24:03,138 DEBUG   HandlerThread:35252 [handler.py:handle_request():131] handle_request: poll_exit
2022-02-21 15:24:03,139 DEBUG   SenderThread:35252 [sender.py:send_request():249] send_request: poll_exit
2022-02-21 15:24:03,259 DEBUG   HandlerThread:35252 [handler.py:handle_request():131] handle_request: poll_exit
2022-02-21 15:24:03,261 DEBUG   SenderThread:35252 [sender.py:send_request():249] send_request: poll_exit
2022-02-21 15:24:03,387 DEBUG   HandlerThread:35252 [handler.py:handle_request():131] handle_request: poll_exit
2022-02-21 15:24:03,389 DEBUG   SenderThread:35252 [sender.py:send_request():249] send_request: poll_exit
2022-02-21 15:24:03,513 DEBUG   HandlerThread:35252 [handler.py:handle_request():131] handle_request: poll_exit
2022-02-21 15:24:03,514 DEBUG   SenderThread:35252 [sender.py:send_request():249] send_request: poll_exit
2022-02-21 15:24:03,636 DEBUG   HandlerThread:35252 [handler.py:handle_request():131] handle_request: poll_exit
2022-02-21 15:24:03,637 DEBUG   SenderThread:35252 [sender.py:send_request():249] send_request: poll_exit
2022-02-21 15:24:03,758 DEBUG   HandlerThread:35252 [handler.py:handle_request():131] handle_request: poll_exit
2022-02-21 15:24:03,759 DEBUG   SenderThread:35252 [sender.py:send_request():249] send_request: poll_exit
2022-02-21 15:24:03,882 DEBUG   HandlerThread:35252 [handler.py:handle_request():131] handle_request: poll_exit
2022-02-21 15:24:03,884 DEBUG   SenderThread:35252 [sender.py:send_request():249] send_request: poll_exit
2022-02-21 15:24:04,010 DEBUG   HandlerThread:35252 [handler.py:handle_request():131] handle_request: poll_exit
2022-02-21 15:24:04,012 DEBUG   SenderThread:35252 [sender.py:send_request():249] send_request: poll_exit
2022-02-21 15:24:04,144 DEBUG   HandlerThread:35252 [handler.py:handle_request():131] handle_request: poll_exit
2022-02-21 15:24:04,145 DEBUG   SenderThread:35252 [sender.py:send_request():249] send_request: poll_exit
2022-02-21 15:24:04,269 DEBUG   HandlerThread:35252 [handler.py:handle_request():131] handle_request: poll_exit
2022-02-21 15:24:04,270 DEBUG   SenderThread:35252 [sender.py:send_request():249] send_request: poll_exit
2022-02-21 15:24:04,407 DEBUG   HandlerThread:35252 [handler.py:handle_request():131] handle_request: poll_exit
2022-02-21 15:24:04,408 DEBUG   SenderThread:35252 [sender.py:send_request():249] send_request: poll_exit
2022-02-21 15:24:04,530 DEBUG   HandlerThread:35252 [handler.py:handle_request():131] handle_request: poll_exit
2022-02-21 15:24:04,531 DEBUG   SenderThread:35252 [sender.py:send_request():249] send_request: poll_exit
2022-02-21 15:24:04,654 DEBUG   HandlerThread:35252 [handler.py:handle_request():131] handle_request: poll_exit
2022-02-21 15:24:04,655 DEBUG   SenderThread:35252 [sender.py:send_request():249] send_request: poll_exit
2022-02-21 15:24:04,775 DEBUG   HandlerThread:35252 [handler.py:handle_request():131] handle_request: poll_exit
2022-02-21 15:24:04,777 DEBUG   SenderThread:35252 [sender.py:send_request():249] send_request: poll_exit
2022-02-21 15:24:04,911 DEBUG   HandlerThread:35252 [handler.py:handle_request():131] handle_request: poll_exit
2022-02-21 15:24:04,912 DEBUG   SenderThread:35252 [sender.py:send_request():249] send_request: poll_exit
2022-02-21 15:24:05,038 DEBUG   HandlerThread:35252 [handler.py:handle_request():131] handle_request: poll_exit
2022-02-21 15:24:05,043 DEBUG   SenderThread:35252 [sender.py:send_request():249] send_request: poll_exit
2022-02-21 15:24:05,173 DEBUG   HandlerThread:35252 [handler.py:handle_request():131] handle_request: poll_exit
2022-02-21 15:24:05,175 DEBUG   SenderThread:35252 [sender.py:send_request():249] send_request: poll_exit
2022-02-21 15:24:05,309 DEBUG   HandlerThread:35252 [handler.py:handle_request():131] handle_request: poll_exit
2022-02-21 15:24:05,310 DEBUG   SenderThread:35252 [sender.py:send_request():249] send_request: poll_exit
2022-02-21 15:24:05,443 DEBUG   HandlerThread:35252 [handler.py:handle_request():131] handle_request: poll_exit
2022-02-21 15:24:05,444 DEBUG   SenderThread:35252 [sender.py:send_request():249] send_request: poll_exit
2022-02-21 15:24:05,566 DEBUG   HandlerThread:35252 [handler.py:handle_request():131] handle_request: poll_exit
2022-02-21 15:24:05,567 DEBUG   SenderThread:35252 [sender.py:send_request():249] send_request: poll_exit
2022-02-21 15:24:05,686 DEBUG   HandlerThread:35252 [handler.py:handle_request():131] handle_request: poll_exit
2022-02-21 15:24:05,687 DEBUG   SenderThread:35252 [sender.py:send_request():249] send_request: poll_exit
2022-02-21 15:24:05,810 DEBUG   HandlerThread:35252 [handler.py:handle_request():131] handle_request: poll_exit
2022-02-21 15:24:05,811 DEBUG   SenderThread:35252 [sender.py:send_request():249] send_request: poll_exit
2022-02-21 15:24:05,932 DEBUG   HandlerThread:35252 [handler.py:handle_request():131] handle_request: poll_exit
2022-02-21 15:24:05,934 DEBUG   SenderThread:35252 [sender.py:send_request():249] send_request: poll_exit
2022-02-21 15:24:06,056 DEBUG   HandlerThread:35252 [handler.py:handle_request():131] handle_request: poll_exit
2022-02-21 15:24:06,059 DEBUG   SenderThread:35252 [sender.py:send_request():249] send_request: poll_exit
2022-02-21 15:24:06,180 DEBUG   HandlerThread:35252 [handler.py:handle_request():131] handle_request: poll_exit
2022-02-21 15:24:06,181 DEBUG   SenderThread:35252 [sender.py:send_request():249] send_request: poll_exit
2022-02-21 15:24:06,314 DEBUG   HandlerThread:35252 [handler.py:handle_request():131] handle_request: poll_exit
2022-02-21 15:24:06,315 DEBUG   SenderThread:35252 [sender.py:send_request():249] send_request: poll_exit
2022-02-21 15:24:06,438 DEBUG   HandlerThread:35252 [handler.py:handle_request():131] handle_request: poll_exit
2022-02-21 15:24:06,439 DEBUG   SenderThread:35252 [sender.py:send_request():249] send_request: poll_exit
2022-02-21 15:24:06,561 DEBUG   HandlerThread:35252 [handler.py:handle_request():131] handle_request: poll_exit
2022-02-21 15:24:06,562 DEBUG   SenderThread:35252 [sender.py:send_request():249] send_request: poll_exit
2022-02-21 15:24:06,684 DEBUG   HandlerThread:35252 [handler.py:handle_request():131] handle_request: poll_exit
2022-02-21 15:24:06,685 DEBUG   SenderThread:35252 [sender.py:send_request():249] send_request: poll_exit
2022-02-21 15:24:06,807 DEBUG   HandlerThread:35252 [handler.py:handle_request():131] handle_request: poll_exit
2022-02-21 15:24:06,808 DEBUG   SenderThread:35252 [sender.py:send_request():249] send_request: poll_exit
2022-02-21 15:24:06,933 DEBUG   HandlerThread:35252 [handler.py:handle_request():131] handle_request: poll_exit
2022-02-21 15:24:06,934 DEBUG   SenderThread:35252 [sender.py:send_request():249] send_request: poll_exit
2022-02-21 15:24:07,057 DEBUG   HandlerThread:35252 [handler.py:handle_request():131] handle_request: poll_exit
2022-02-21 15:24:07,058 DEBUG   SenderThread:35252 [sender.py:send_request():249] send_request: poll_exit
2022-02-21 15:24:07,178 DEBUG   HandlerThread:35252 [handler.py:handle_request():131] handle_request: poll_exit
2022-02-21 15:24:07,178 DEBUG   SenderThread:35252 [sender.py:send_request():249] send_request: poll_exit
2022-02-21 15:24:07,302 DEBUG   HandlerThread:35252 [handler.py:handle_request():131] handle_request: poll_exit
2022-02-21 15:24:07,303 DEBUG   SenderThread:35252 [sender.py:send_request():249] send_request: poll_exit
2022-02-21 15:24:07,426 DEBUG   HandlerThread:35252 [handler.py:handle_request():131] handle_request: poll_exit
2022-02-21 15:24:07,427 DEBUG   SenderThread:35252 [sender.py:send_request():249] send_request: poll_exit
2022-02-21 15:24:07,546 DEBUG   HandlerThread:35252 [handler.py:handle_request():131] handle_request: poll_exit
2022-02-21 15:24:07,547 DEBUG   SenderThread:35252 [sender.py:send_request():249] send_request: poll_exit
2022-02-21 15:24:07,668 DEBUG   HandlerThread:35252 [handler.py:handle_request():131] handle_request: poll_exit
2022-02-21 15:24:07,669 DEBUG   SenderThread:35252 [sender.py:send_request():249] send_request: poll_exit
2022-02-21 15:24:07,798 DEBUG   HandlerThread:35252 [handler.py:handle_request():131] handle_request: poll_exit
2022-02-21 15:24:07,799 DEBUG   SenderThread:35252 [sender.py:send_request():249] send_request: poll_exit
2022-02-21 15:24:07,956 DEBUG   HandlerThread:35252 [handler.py:handle_request():131] handle_request: poll_exit
2022-02-21 15:24:07,957 DEBUG   SenderThread:35252 [sender.py:send_request():249] send_request: poll_exit
2022-02-21 15:24:08,090 DEBUG   HandlerThread:35252 [handler.py:handle_request():131] handle_request: poll_exit
2022-02-21 15:24:08,092 DEBUG   SenderThread:35252 [sender.py:send_request():249] send_request: poll_exit
2022-02-21 15:24:08,211 DEBUG   HandlerThread:35252 [handler.py:handle_request():131] handle_request: poll_exit
2022-02-21 15:24:08,212 DEBUG   SenderThread:35252 [sender.py:send_request():249] send_request: poll_exit
2022-02-21 15:24:08,331 DEBUG   HandlerThread:35252 [handler.py:handle_request():131] handle_request: poll_exit
2022-02-21 15:24:08,332 DEBUG   SenderThread:35252 [sender.py:send_request():249] send_request: poll_exit
2022-02-21 15:24:08,453 DEBUG   HandlerThread:35252 [handler.py:handle_request():131] handle_request: poll_exit
2022-02-21 15:24:08,453 DEBUG   SenderThread:35252 [sender.py:send_request():249] send_request: poll_exit
2022-02-21 15:24:08,575 DEBUG   HandlerThread:35252 [handler.py:handle_request():131] handle_request: poll_exit
2022-02-21 15:24:08,575 DEBUG   SenderThread:35252 [sender.py:send_request():249] send_request: poll_exit
2022-02-21 15:24:08,697 DEBUG   HandlerThread:35252 [handler.py:handle_request():131] handle_request: poll_exit
2022-02-21 15:24:08,698 DEBUG   SenderThread:35252 [sender.py:send_request():249] send_request: poll_exit
2022-02-21 15:24:08,820 DEBUG   HandlerThread:35252 [handler.py:handle_request():131] handle_request: poll_exit
2022-02-21 15:24:08,820 DEBUG   SenderThread:35252 [sender.py:send_request():249] send_request: poll_exit
2022-02-21 15:24:08,944 DEBUG   HandlerThread:35252 [handler.py:handle_request():131] handle_request: poll_exit
2022-02-21 15:24:08,945 DEBUG   SenderThread:35252 [sender.py:send_request():249] send_request: poll_exit
2022-02-21 15:24:09,063 DEBUG   HandlerThread:35252 [handler.py:handle_request():131] handle_request: poll_exit
2022-02-21 15:24:09,064 DEBUG   SenderThread:35252 [sender.py:send_request():249] send_request: poll_exit
2022-02-21 15:24:09,185 DEBUG   HandlerThread:35252 [handler.py:handle_request():131] handle_request: poll_exit
2022-02-21 15:24:09,186 DEBUG   SenderThread:35252 [sender.py:send_request():249] send_request: poll_exit
2022-02-21 15:24:09,310 DEBUG   HandlerThread:35252 [handler.py:handle_request():131] handle_request: poll_exit
2022-02-21 15:24:09,311 DEBUG   SenderThread:35252 [sender.py:send_request():249] send_request: poll_exit
2022-02-21 15:24:09,431 DEBUG   HandlerThread:35252 [handler.py:handle_request():131] handle_request: poll_exit
2022-02-21 15:24:09,432 DEBUG   SenderThread:35252 [sender.py:send_request():249] send_request: poll_exit
2022-02-21 15:24:09,551 DEBUG   HandlerThread:35252 [handler.py:handle_request():131] handle_request: poll_exit
2022-02-21 15:24:09,552 DEBUG   SenderThread:35252 [sender.py:send_request():249] send_request: poll_exit
2022-02-21 15:24:09,675 DEBUG   HandlerThread:35252 [handler.py:handle_request():131] handle_request: poll_exit
2022-02-21 15:24:09,676 DEBUG   SenderThread:35252 [sender.py:send_request():249] send_request: poll_exit
2022-02-21 15:24:09,796 DEBUG   HandlerThread:35252 [handler.py:handle_request():131] handle_request: poll_exit
2022-02-21 15:24:09,797 DEBUG   SenderThread:35252 [sender.py:send_request():249] send_request: poll_exit
2022-02-21 15:24:09,917 DEBUG   HandlerThread:35252 [handler.py:handle_request():131] handle_request: poll_exit
2022-02-21 15:24:09,917 DEBUG   SenderThread:35252 [sender.py:send_request():249] send_request: poll_exit
2022-02-21 15:24:10,038 DEBUG   HandlerThread:35252 [handler.py:handle_request():131] handle_request: poll_exit
2022-02-21 15:24:10,039 DEBUG   SenderThread:35252 [sender.py:send_request():249] send_request: poll_exit
2022-02-21 15:24:10,161 DEBUG   HandlerThread:35252 [handler.py:handle_request():131] handle_request: poll_exit
2022-02-21 15:24:10,162 DEBUG   SenderThread:35252 [sender.py:send_request():249] send_request: poll_exit
2022-02-21 15:24:10,340 DEBUG   HandlerThread:35252 [handler.py:handle_request():131] handle_request: poll_exit
2022-02-21 15:24:10,341 DEBUG   SenderThread:35252 [sender.py:send_request():249] send_request: poll_exit
2022-02-21 15:24:10,484 DEBUG   HandlerThread:35252 [handler.py:handle_request():131] handle_request: poll_exit
2022-02-21 15:24:10,485 DEBUG   SenderThread:35252 [sender.py:send_request():249] send_request: poll_exit
2022-02-21 15:24:10,641 DEBUG   HandlerThread:35252 [handler.py:handle_request():131] handle_request: poll_exit
2022-02-21 15:24:10,643 DEBUG   SenderThread:35252 [sender.py:send_request():249] send_request: poll_exit
2022-02-21 15:24:10,776 DEBUG   HandlerThread:35252 [handler.py:handle_request():131] handle_request: poll_exit
2022-02-21 15:24:10,778 DEBUG   SenderThread:35252 [sender.py:send_request():249] send_request: poll_exit
2022-02-21 15:24:10,895 DEBUG   HandlerThread:35252 [handler.py:handle_request():131] handle_request: poll_exit
2022-02-21 15:24:10,896 DEBUG   SenderThread:35252 [sender.py:send_request():249] send_request: poll_exit
2022-02-21 15:24:11,029 DEBUG   HandlerThread:35252 [handler.py:handle_request():131] handle_request: poll_exit
2022-02-21 15:24:11,030 DEBUG   SenderThread:35252 [sender.py:send_request():249] send_request: poll_exit
2022-02-21 15:24:11,150 DEBUG   HandlerThread:35252 [handler.py:handle_request():131] handle_request: poll_exit
2022-02-21 15:24:11,151 DEBUG   SenderThread:35252 [sender.py:send_request():249] send_request: poll_exit
2022-02-21 15:24:11,271 DEBUG   HandlerThread:35252 [handler.py:handle_request():131] handle_request: poll_exit
2022-02-21 15:24:11,273 DEBUG   SenderThread:35252 [sender.py:send_request():249] send_request: poll_exit
2022-02-21 15:24:11,393 DEBUG   HandlerThread:35252 [handler.py:handle_request():131] handle_request: poll_exit
2022-02-21 15:24:11,394 DEBUG   SenderThread:35252 [sender.py:send_request():249] send_request: poll_exit
2022-02-21 15:24:11,513 DEBUG   HandlerThread:35252 [handler.py:handle_request():131] handle_request: poll_exit
2022-02-21 15:24:11,514 DEBUG   SenderThread:35252 [sender.py:send_request():249] send_request: poll_exit
2022-02-21 15:24:11,631 DEBUG   HandlerThread:35252 [handler.py:handle_request():131] handle_request: poll_exit
2022-02-21 15:24:11,632 DEBUG   SenderThread:35252 [sender.py:send_request():249] send_request: poll_exit
2022-02-21 15:24:11,751 DEBUG   HandlerThread:35252 [handler.py:handle_request():131] handle_request: poll_exit
2022-02-21 15:24:11,752 DEBUG   SenderThread:35252 [sender.py:send_request():249] send_request: poll_exit
2022-02-21 15:24:11,872 DEBUG   HandlerThread:35252 [handler.py:handle_request():131] handle_request: poll_exit
2022-02-21 15:24:11,873 DEBUG   SenderThread:35252 [sender.py:send_request():249] send_request: poll_exit
2022-02-21 15:24:11,991 DEBUG   HandlerThread:35252 [handler.py:handle_request():131] handle_request: poll_exit
2022-02-21 15:24:11,992 DEBUG   SenderThread:35252 [sender.py:send_request():249] send_request: poll_exit
2022-02-21 15:24:12,111 DEBUG   HandlerThread:35252 [handler.py:handle_request():131] handle_request: poll_exit
2022-02-21 15:24:12,112 DEBUG   SenderThread:35252 [sender.py:send_request():249] send_request: poll_exit
2022-02-21 15:24:12,232 DEBUG   HandlerThread:35252 [handler.py:handle_request():131] handle_request: poll_exit
2022-02-21 15:24:12,233 DEBUG   SenderThread:35252 [sender.py:send_request():249] send_request: poll_exit
2022-02-21 15:24:12,356 DEBUG   HandlerThread:35252 [handler.py:handle_request():131] handle_request: poll_exit
2022-02-21 15:24:12,357 DEBUG   SenderThread:35252 [sender.py:send_request():249] send_request: poll_exit
2022-02-21 15:24:12,476 DEBUG   HandlerThread:35252 [handler.py:handle_request():131] handle_request: poll_exit
2022-02-21 15:24:12,477 DEBUG   SenderThread:35252 [sender.py:send_request():249] send_request: poll_exit
2022-02-21 15:24:12,594 DEBUG   HandlerThread:35252 [handler.py:handle_request():131] handle_request: poll_exit
2022-02-21 15:24:12,594 DEBUG   SenderThread:35252 [sender.py:send_request():249] send_request: poll_exit
2022-02-21 15:24:12,718 DEBUG   HandlerThread:35252 [handler.py:handle_request():131] handle_request: poll_exit
2022-02-21 15:24:12,719 DEBUG   SenderThread:35252 [sender.py:send_request():249] send_request: poll_exit
2022-02-21 15:24:12,843 DEBUG   HandlerThread:35252 [handler.py:handle_request():131] handle_request: poll_exit
2022-02-21 15:24:12,844 DEBUG   SenderThread:35252 [sender.py:send_request():249] send_request: poll_exit
2022-02-21 15:24:12,965 DEBUG   HandlerThread:35252 [handler.py:handle_request():131] handle_request: poll_exit
2022-02-21 15:24:12,965 DEBUG   SenderThread:35252 [sender.py:send_request():249] send_request: poll_exit
2022-02-21 15:24:13,086 DEBUG   HandlerThread:35252 [handler.py:handle_request():131] handle_request: poll_exit
2022-02-21 15:24:13,087 DEBUG   SenderThread:35252 [sender.py:send_request():249] send_request: poll_exit
2022-02-21 15:24:13,209 DEBUG   HandlerThread:35252 [handler.py:handle_request():131] handle_request: poll_exit
2022-02-21 15:24:13,210 DEBUG   SenderThread:35252 [sender.py:send_request():249] send_request: poll_exit
2022-02-21 15:24:13,333 DEBUG   HandlerThread:35252 [handler.py:handle_request():131] handle_request: poll_exit
2022-02-21 15:24:13,334 DEBUG   SenderThread:35252 [sender.py:send_request():249] send_request: poll_exit
2022-02-21 15:24:13,453 DEBUG   HandlerThread:35252 [handler.py:handle_request():131] handle_request: poll_exit
2022-02-21 15:24:13,454 DEBUG   SenderThread:35252 [sender.py:send_request():249] send_request: poll_exit
2022-02-21 15:24:13,575 DEBUG   HandlerThread:35252 [handler.py:handle_request():131] handle_request: poll_exit
2022-02-21 15:24:13,577 DEBUG   SenderThread:35252 [sender.py:send_request():249] send_request: poll_exit
2022-02-21 15:24:13,696 DEBUG   HandlerThread:35252 [handler.py:handle_request():131] handle_request: poll_exit
2022-02-21 15:24:13,697 DEBUG   SenderThread:35252 [sender.py:send_request():249] send_request: poll_exit
2022-02-21 15:24:13,820 DEBUG   HandlerThread:35252 [handler.py:handle_request():131] handle_request: poll_exit
2022-02-21 15:24:13,820 DEBUG   SenderThread:35252 [sender.py:send_request():249] send_request: poll_exit
2022-02-21 15:24:13,999 DEBUG   HandlerThread:35252 [handler.py:handle_request():131] handle_request: poll_exit
2022-02-21 15:24:14,014 DEBUG   SenderThread:35252 [sender.py:send_request():249] send_request: poll_exit
2022-02-21 15:24:14,209 INFO    Thread-32 :35252 [upload_job.py:push():137] Uploaded file C:\Users\cseka\OneDrive\Documents\deeplearn\Deep-Learning\kj\wandb\run-20220221_151700-b3gv8783\files\config.yaml
2022-02-21 15:24:14,849 DEBUG   HandlerThread:35252 [handler.py:handle_request():131] handle_request: poll_exit
2022-02-21 15:24:14,850 DEBUG   SenderThread:35252 [sender.py:send_request():249] send_request: poll_exit
2022-02-21 15:24:15,093 ERROR   Thread-35 :35252 [internal_api.py:upload_file():1617] upload_file exception https://storage.googleapis.com/wandb-production.appspot.com/kankan-jana/cs6910_assignment1/b3gv8783/wandb-summary.json?Expires=1645523642&GoogleAccessId=wandb-production%40appspot.gserviceaccount.com&Signature=L0lDAUUHQT10cDlpi3mUOHWWwyXwey4tlrkT6kKB8GeTNo5jvHYVr3ZYdZlLyTOjJLOhbLizziX86parIflLIVWhibeUEDIZcFTRN5%2FKt0LxrMEwJkn%2BNfbPz56rsvMsL7FquMw07y0Mi0aVrHO26XaNyoiSiUFeHfzMfptPnjHZZm%2F2qWezZCe2EwTogWMIKlHr3ArxJZ7zLSSxABa3jjRtqvFswbXfZvXVDmPG2EFABRjgI2yfFbDe%2FSVhgRpSbQwcJyOXXdsAUK8GDKiZLAbYBc2YsM0VH9knN67jTlJPUjszsIVaXfFp0RCDCV3e7BNwLPPhix09C23TiwiCvQ%3D%3D: HTTPSConnectionPool(host='storage.googleapis.com', port=443): Max retries exceeded with url: /wandb-production.appspot.com/kankan-jana/cs6910_assignment1/b3gv8783/wandb-summary.json?Expires=1645523642&GoogleAccessId=wandb-production%40appspot.gserviceaccount.com&Signature=L0lDAUUHQT10cDlpi3mUOHWWwyXwey4tlrkT6kKB8GeTNo5jvHYVr3ZYdZlLyTOjJLOhbLizziX86parIflLIVWhibeUEDIZcFTRN5%2FKt0LxrMEwJkn%2BNfbPz56rsvMsL7FquMw07y0Mi0aVrHO26XaNyoiSiUFeHfzMfptPnjHZZm%2F2qWezZCe2EwTogWMIKlHr3ArxJZ7zLSSxABa3jjRtqvFswbXfZvXVDmPG2EFABRjgI2yfFbDe%2FSVhgRpSbQwcJyOXXdsAUK8GDKiZLAbYBc2YsM0VH9knN67jTlJPUjszsIVaXfFp0RCDCV3e7BNwLPPhix09C23TiwiCvQ%3D%3D (Caused by SSLError(SSLEOFError(8, 'EOF occurred in violation of protocol (_ssl.c:833)'),))
2022-02-21 15:24:15,095 ERROR   Thread-35 :35252 [internal_api.py:upload_file():1619] upload_file request headers: {'User-Agent': 'python-requests/2.26.0', 'Accept-Encoding': 'gzip, deflate', 'Accept': '*/*', 'Connection': 'keep-alive', 'Content-Length': '222'}
2022-02-21 15:24:15,095 ERROR   Thread-35 :35252 [internal_api.py:upload_file():1621] upload_file response body: 
2022-02-21 15:24:15,136 INFO    Thread-33 :35252 [upload_job.py:push():137] Uploaded file C:\Users\cseka\OneDrive\Documents\deeplearn\Deep-Learning\kj\wandb\run-20220221_151700-b3gv8783\files\output.log
2022-02-21 15:24:15,245 DEBUG   HandlerThread:35252 [handler.py:handle_request():131] handle_request: poll_exit
2022-02-21 15:24:15,247 DEBUG   SenderThread:35252 [sender.py:send_request():249] send_request: poll_exit
2022-02-21 15:24:15,401 DEBUG   HandlerThread:35252 [handler.py:handle_request():131] handle_request: poll_exit
2022-02-21 15:24:15,402 DEBUG   SenderThread:35252 [sender.py:send_request():249] send_request: poll_exit
2022-02-21 15:24:15,578 DEBUG   HandlerThread:35252 [handler.py:handle_request():131] handle_request: poll_exit
2022-02-21 15:24:15,595 DEBUG   SenderThread:35252 [sender.py:send_request():249] send_request: poll_exit
2022-02-21 15:24:17,575 DEBUG   HandlerThread:35252 [handler.py:handle_request():131] handle_request: poll_exit
2022-02-21 15:24:17,586 DEBUG   SenderThread:35252 [sender.py:send_request():249] send_request: poll_exit
2022-02-21 15:24:17,734 DEBUG   HandlerThread:35252 [handler.py:handle_request():131] handle_request: poll_exit
2022-02-21 15:24:17,747 DEBUG   SenderThread:35252 [sender.py:send_request():249] send_request: poll_exit
2022-02-21 15:24:19,083 DEBUG   HandlerThread:35252 [handler.py:handle_request():131] handle_request: poll_exit
2022-02-21 15:24:19,160 DEBUG   SenderThread:35252 [sender.py:send_request():249] send_request: poll_exit
2022-02-21 15:24:19,480 INFO    Thread-35 :35252 [upload_job.py:push():137] Uploaded file C:\Users\cseka\OneDrive\Documents\deeplearn\Deep-Learning\kj\wandb\run-20220221_151700-b3gv8783\files\wandb-summary.json
2022-02-21 15:24:19,492 DEBUG   HandlerThread:35252 [handler.py:handle_request():131] handle_request: poll_exit
2022-02-21 15:24:19,501 DEBUG   SenderThread:35252 [sender.py:send_request():249] send_request: poll_exit
2022-02-21 15:24:19,654 DEBUG   HandlerThread:35252 [handler.py:handle_request():131] handle_request: poll_exit
2022-02-21 15:24:19,671 DEBUG   SenderThread:35252 [sender.py:send_request():249] send_request: poll_exit
2022-02-21 15:24:19,796 DEBUG   HandlerThread:35252 [handler.py:handle_request():131] handle_request: poll_exit
2022-02-21 15:24:19,801 DEBUG   SenderThread:35252 [sender.py:send_request():249] send_request: poll_exit
2022-02-21 15:24:20,570 DEBUG   HandlerThread:35252 [handler.py:handle_request():131] handle_request: poll_exit
2022-02-21 15:24:20,578 DEBUG   SenderThread:35252 [sender.py:send_request():249] send_request: poll_exit
2022-02-21 15:24:20,745 DEBUG   HandlerThread:35252 [handler.py:handle_request():131] handle_request: poll_exit
2022-02-21 15:24:20,773 DEBUG   SenderThread:35252 [sender.py:send_request():249] send_request: poll_exit
2022-02-21 15:24:20,939 DEBUG   HandlerThread:35252 [handler.py:handle_request():131] handle_request: poll_exit
2022-02-21 15:24:20,942 DEBUG   SenderThread:35252 [sender.py:send_request():249] send_request: poll_exit
2022-02-21 15:24:21,341 DEBUG   HandlerThread:35252 [handler.py:handle_request():131] handle_request: poll_exit
2022-02-21 15:24:21,396 DEBUG   SenderThread:35252 [sender.py:send_request():249] send_request: poll_exit
2022-02-21 15:24:21,549 DEBUG   HandlerThread:35252 [handler.py:handle_request():131] handle_request: poll_exit
2022-02-21 15:24:21,566 DEBUG   SenderThread:35252 [sender.py:send_request():249] send_request: poll_exit
2022-02-21 15:24:21,581 INFO    Thread-34 :35252 [upload_job.py:push():137] Uploaded file C:\Users\cseka\OneDrive\Documents\deeplearn\Deep-Learning\kj\wandb\run-20220221_151700-b3gv8783\files\requirements.txt
2022-02-21 15:24:21,713 DEBUG   HandlerThread:35252 [handler.py:handle_request():131] handle_request: poll_exit
2022-02-21 15:24:21,718 DEBUG   SenderThread:35252 [sender.py:send_request():249] send_request: poll_exit
2022-02-21 15:24:21,784 INFO    Thread-11 :35252 [sender.py:transition_state():392] send defer: 7
2022-02-21 15:24:21,810 DEBUG   HandlerThread:35252 [handler.py:handle_request():131] handle_request: defer
2022-02-21 15:24:21,811 INFO    HandlerThread:35252 [handler.py:handle_request_defer():154] handle defer: 7
2022-02-21 15:24:21,827 DEBUG   SenderThread:35252 [sender.py:send_request():249] send_request: defer
2022-02-21 15:24:21,829 INFO    SenderThread:35252 [sender.py:send_request_defer():388] handle sender defer: 7
2022-02-21 15:24:22,334 DEBUG   HandlerThread:35252 [handler.py:handle_request():131] handle_request: poll_exit
2022-02-21 15:24:27,462 DEBUG   HandlerThread:35252 [handler.py:handle_request():131] handle_request: poll_exit
2022-02-21 15:24:32,592 DEBUG   HandlerThread:35252 [handler.py:handle_request():131] handle_request: poll_exit
2022-02-21 15:24:37,732 DEBUG   HandlerThread:35252 [handler.py:handle_request():131] handle_request: poll_exit
2022-02-21 15:24:42,946 DEBUG   HandlerThread:35252 [handler.py:handle_request():131] handle_request: poll_exit
2022-02-21 15:24:48,104 DEBUG   HandlerThread:35252 [handler.py:handle_request():131] handle_request: poll_exit
2022-02-21 15:24:53,399 DEBUG   HandlerThread:35252 [handler.py:handle_request():131] handle_request: poll_exit
2022-02-21 15:24:58,529 DEBUG   HandlerThread:35252 [handler.py:handle_request():131] handle_request: poll_exit
2022-02-21 15:25:03,660 DEBUG   HandlerThread:35252 [handler.py:handle_request():131] handle_request: poll_exit
2022-02-21 15:25:08,789 DEBUG   HandlerThread:35252 [handler.py:handle_request():131] handle_request: poll_exit
2022-02-21 15:25:13,916 DEBUG   HandlerThread:35252 [handler.py:handle_request():131] handle_request: poll_exit
2022-02-21 15:25:19,081 DEBUG   HandlerThread:35252 [handler.py:handle_request():131] handle_request: poll_exit
2022-02-21 15:25:24,235 DEBUG   HandlerThread:35252 [handler.py:handle_request():131] handle_request: poll_exit
2022-02-21 15:25:29,361 DEBUG   HandlerThread:35252 [handler.py:handle_request():131] handle_request: poll_exit
2022-02-21 15:25:34,549 DEBUG   HandlerThread:35252 [handler.py:handle_request():131] handle_request: poll_exit
2022-02-21 15:25:39,690 DEBUG   HandlerThread:35252 [handler.py:handle_request():131] handle_request: poll_exit
2022-02-21 15:25:44,892 DEBUG   HandlerThread:35252 [handler.py:handle_request():131] handle_request: poll_exit
2022-02-21 15:25:50,011 DEBUG   HandlerThread:35252 [handler.py:handle_request():131] handle_request: poll_exit
2022-02-21 15:25:55,125 DEBUG   HandlerThread:35252 [handler.py:handle_request():131] handle_request: poll_exit
2022-02-21 15:26:00,239 DEBUG   HandlerThread:35252 [handler.py:handle_request():131] handle_request: poll_exit
2022-02-21 15:26:02,696 INFO    SenderThread:35252 [sender.py:transition_state():392] send defer: 8
2022-02-21 15:26:02,697 DEBUG   SenderThread:35252 [sender.py:send_request():249] send_request: poll_exit
2022-02-21 15:26:02,699 DEBUG   SenderThread:35252 [sender.py:send_request():249] send_request: poll_exit
2022-02-21 15:26:02,701 DEBUG   SenderThread:35252 [sender.py:send_request():249] send_request: poll_exit
2022-02-21 15:26:02,702 DEBUG   HandlerThread:35252 [handler.py:handle_request():131] handle_request: defer
2022-02-21 15:26:02,703 DEBUG   SenderThread:35252 [sender.py:send_request():249] send_request: poll_exit
2022-02-21 15:26:02,704 INFO    HandlerThread:35252 [handler.py:handle_request_defer():154] handle defer: 8
2022-02-21 15:26:02,705 DEBUG   SenderThread:35252 [sender.py:send_request():249] send_request: poll_exit
2022-02-21 15:26:02,707 DEBUG   SenderThread:35252 [sender.py:send_request():249] send_request: poll_exit
2022-02-21 15:26:02,707 DEBUG   SenderThread:35252 [sender.py:send_request():249] send_request: poll_exit
2022-02-21 15:26:02,708 DEBUG   SenderThread:35252 [sender.py:send_request():249] send_request: poll_exit
2022-02-21 15:26:02,709 DEBUG   SenderThread:35252 [sender.py:send_request():249] send_request: poll_exit
2022-02-21 15:26:02,710 DEBUG   SenderThread:35252 [sender.py:send_request():249] send_request: poll_exit
2022-02-21 15:26:02,711 DEBUG   SenderThread:35252 [sender.py:send_request():249] send_request: poll_exit
2022-02-21 15:26:02,712 DEBUG   SenderThread:35252 [sender.py:send_request():249] send_request: poll_exit
2022-02-21 15:26:02,713 DEBUG   SenderThread:35252 [sender.py:send_request():249] send_request: poll_exit
2022-02-21 15:26:02,714 DEBUG   SenderThread:35252 [sender.py:send_request():249] send_request: poll_exit
2022-02-21 15:26:02,715 DEBUG   SenderThread:35252 [sender.py:send_request():249] send_request: poll_exit
2022-02-21 15:26:02,716 DEBUG   SenderThread:35252 [sender.py:send_request():249] send_request: poll_exit
2022-02-21 15:26:02,718 DEBUG   SenderThread:35252 [sender.py:send_request():249] send_request: poll_exit
2022-02-21 15:26:02,720 DEBUG   SenderThread:35252 [sender.py:send_request():249] send_request: poll_exit
2022-02-21 15:26:02,721 DEBUG   SenderThread:35252 [sender.py:send_request():249] send_request: poll_exit
2022-02-21 15:26:02,722 DEBUG   SenderThread:35252 [sender.py:send_request():249] send_request: poll_exit
2022-02-21 15:26:02,723 DEBUG   SenderThread:35252 [sender.py:send_request():249] send_request: defer
2022-02-21 15:26:02,724 INFO    SenderThread:35252 [sender.py:send_request_defer():388] handle sender defer: 8
2022-02-21 15:26:02,725 INFO    SenderThread:35252 [sender.py:transition_state():392] send defer: 9
2022-02-21 15:26:02,727 DEBUG   SenderThread:35252 [sender.py:send():235] send: final
2022-02-21 15:26:02,728 DEBUG   SenderThread:35252 [sender.py:send():235] send: footer
2022-02-21 15:26:02,729 DEBUG   HandlerThread:35252 [handler.py:handle_request():131] handle_request: defer
2022-02-21 15:26:02,730 INFO    HandlerThread:35252 [handler.py:handle_request_defer():154] handle defer: 9
2022-02-21 15:26:02,731 DEBUG   SenderThread:35252 [sender.py:send_request():249] send_request: defer
2022-02-21 15:26:02,731 INFO    SenderThread:35252 [sender.py:send_request_defer():388] handle sender defer: 9
2022-02-21 15:26:02,839 DEBUG   HandlerThread:35252 [handler.py:handle_request():131] handle_request: poll_exit
2022-02-21 15:26:02,840 DEBUG   SenderThread:35252 [sender.py:send_request():249] send_request: poll_exit
2022-02-21 15:26:02,840 INFO    SenderThread:35252 [file_pusher.py:join():182] waiting for file pusher
2022-02-21 15:26:06,171 DEBUG   HandlerThread:35252 [handler.py:handle_request():131] handle_request: get_summary
2022-02-21 15:26:06,178 DEBUG   HandlerThread:35252 [handler.py:handle_request():131] handle_request: sampled_history
2022-02-21 15:26:06,188 DEBUG   HandlerThread:35252 [handler.py:handle_request():131] handle_request: shutdown
2022-02-21 15:26:06,189 INFO    HandlerThread:35252 [handler.py:finish():739] shutting down handler
2022-02-21 15:26:06,763 INFO    WriterThread:35252 [datastore.py:close():281] close: C:\Users\cseka\OneDrive\Documents\deeplearn\Deep-Learning\kj\wandb\run-20220221_151700-b3gv8783\run-b3gv8783.wandb
2022-02-21 15:26:07,161 INFO    SenderThread:35252 [sender.py:finish():1075] shutting down sender
2022-02-21 15:26:07,163 INFO    SenderThread:35252 [file_pusher.py:finish():177] shutting down file pusher
2022-02-21 15:26:07,163 INFO    SenderThread:35252 [file_pusher.py:join():182] waiting for file pusher
2022-02-21 15:26:07,178 INFO    MainThread:35252 [internal.py:handle_exit():79] Internal process exited
