2022-02-21 15:17:00,435 INFO    Thread-327:16416 [wandb_setup.py:_flush():75] Loading settings from C:\Users\cseka\.config\wandb\settings
2022-02-21 15:17:00,437 INFO    Thread-327:16416 [wandb_setup.py:_flush():75] Loading settings from wandb\settings
2022-02-21 15:17:00,438 INFO    Thread-327:16416 [wandb_setup.py:_flush():75] Loading settings from environment variables: {'notebook_name': 'sweepTest', 'project': 'cs6910_assignment1', 'entity': 'kankan-jana', 'root_dir': 'C:\\Users\\cseka\\OneDrive\\Documents\\deeplearn\\Deep-Learning\\kj', 'run_id': 'b3gv8783', 'sweep_param_path': 'C:\\Users\\cseka\\OneDrive\\Documents\\deeplearn\\Deep-Learning\\kj\\wandb\\sweep-bfhpehvm\\config-b3gv8783.yaml', 'sweep_id': 'bfhpehvm'}
2022-02-21 15:17:00,441 INFO    Thread-327:16416 [wandb_setup.py:_flush():75] Inferring run settings from compute environment: {'program_relpath': 'kj\\sweep_Run4.py', 'program': 'sweep_Run4.py'}
2022-02-21 15:17:00,441 INFO    Thread-327:16416 [wandb_init.py:_log_setup():386] Logging user logs to C:\Users\cseka\OneDrive\Documents\deeplearn\Deep-Learning\kj\wandb\run-20220221_151700-b3gv8783\logs\debug.log
2022-02-21 15:17:00,444 INFO    Thread-327:16416 [wandb_init.py:_log_setup():387] Logging internal logs to C:\Users\cseka\OneDrive\Documents\deeplearn\Deep-Learning\kj\wandb\run-20220221_151700-b3gv8783\logs\debug-internal.log
2022-02-21 15:17:00,445 INFO    Thread-327:16416 [wandb_init.py:init():420] calling init triggers
2022-02-21 15:17:00,446 INFO    Thread-327:16416 [wandb_init.py:init():427] wandb.init called with sweep_config: {'activation': 'tanh', 'batch': 100, 'dropout_rate': 0.6, 'epoch': 10, 'epochs': 5, 'layer1_size': 256, 'layer2_size': 64, 'lr': 0.002, 'optimizer': 'nadam'}
config: {'name': 'sweep', 'method': 'grid', 'metric': {'name': 'accuracy', 'goal': 'maximize'}, 'parameters': {'epochs': {'values': [5]}, 'optimizer': {'values': ['nadam']}, 'batch': {'values': [100]}, 'lr': {'values': [0.015, 0.002]}, 'epoch': {'values': [5, 10]}, 'layer1_size': {'values': [128, 256]}, 'layer2_size': {'values': [64, 128]}, 'dropout_rate': {'values': [0, 0.6]}, 'activation': {'values': ['tanh', 'relu']}}}
2022-02-21 15:17:00,448 INFO    Thread-327:16416 [wandb_init.py:init():471] starting backend
2022-02-21 15:17:00,449 INFO    Thread-327:16416 [backend.py:_multiprocessing_setup():101] multiprocessing start_methods=spawn, using: spawn
2022-02-21 15:17:00,453 INFO    Thread-327:16416 [backend.py:ensure_launched():219] starting backend process...
2022-02-21 15:17:00,593 INFO    Thread-327:16416 [backend.py:ensure_launched():225] started backend process with pid: 35252
2022-02-21 15:17:00,595 INFO    Thread-327:16416 [wandb_init.py:init():480] backend started and connected
2022-02-21 15:17:00,598 INFO    Thread-327:16416 [wandb_run.py:_config_callback():966] config_cb None None {'activation': 'tanh', 'batch': 100, 'dropout_rate': 0.6, 'epoch': 10, 'epochs': 5, 'layer1_size': 256, 'layer2_size': 64, 'lr': 0.002, 'optimizer': 'nadam'}
2022-02-21 15:17:00,601 INFO    Thread-327:16416 [wandb_init.py:init():550] updated telemetry
2022-02-21 15:17:00,659 INFO    Thread-327:16416 [wandb_init.py:init():581] communicating current version
2022-02-21 15:17:05,666 INFO    Thread-327:16416 [wandb_init.py:init():596] communicating run to backend with 30 second timeout
2022-02-21 15:17:06,525 INFO    Thread-327:16416 [wandb_init.py:init():624] starting run threads in backend
2022-02-21 15:17:11,607 INFO    Thread-327:16416 [wandb_run.py:_console_start():1827] atexit reg
2022-02-21 15:17:11,614 INFO    Thread-327:16416 [wandb_run.py:_redirect():1701] redirect: SettingsConsole.WRAP
2022-02-21 15:17:11,619 INFO    Thread-327:16416 [wandb_run.py:_redirect():1738] Wrapping output streams.
2022-02-21 15:17:11,629 INFO    Thread-327:16416 [wandb_run.py:_redirect():1762] Redirects installed.
2022-02-21 15:17:11,634 INFO    Thread-327:16416 [wandb_init.py:init():651] run started, returning control to user process
2022-02-21 15:17:11,699 INFO    Thread-327:16416 [wandb_setup.py:_flush():75] Loading settings from C:\Users\cseka\.config\wandb\settings
2022-02-21 15:17:11,714 INFO    Thread-327:16416 [wandb_setup.py:_flush():75] Loading settings from wandb\settings
2022-02-21 15:17:11,721 INFO    Thread-327:16416 [wandb_setup.py:_flush():75] Loading settings from environment variables: {'notebook_name': 'sweepTest', 'project': 'cs6910_assignment1', 'entity': 'kankan-jana', 'root_dir': 'C:\\Users\\cseka\\OneDrive\\Documents\\deeplearn\\Deep-Learning\\kj', 'run_id': 'b3gv8783', 'sweep_param_path': 'C:\\Users\\cseka\\OneDrive\\Documents\\deeplearn\\Deep-Learning\\kj\\wandb\\sweep-bfhpehvm\\config-b3gv8783.yaml', 'sweep_id': 'bfhpehvm'}
2022-02-21 15:17:11,755 INFO    Thread-327:16416 [wandb_setup.py:_flush():75] Inferring run settings from compute environment: {'program_relpath': 'kj\\sweep_Run4.py', 'program': 'sweep_Run4.py'}
2022-02-21 15:17:11,765 INFO    Thread-327:16416 [wandb_init.py:_log_setup():386] Logging user logs to C:\Users\cseka\OneDrive\Documents\deeplearn\Deep-Learning\kj\wandb\run-20220221_151711-b3gv8783\logs\debug.log
2022-02-21 15:17:11,769 INFO    Thread-327:16416 [wandb_init.py:_log_setup():387] Logging internal logs to C:\Users\cseka\OneDrive\Documents\deeplearn\Deep-Learning\kj\wandb\run-20220221_151711-b3gv8783\logs\debug-internal.log
2022-02-21 15:17:11,779 INFO    Thread-327:16416 [wandb_init.py:init():420] calling init triggers
2022-02-21 15:17:11,785 INFO    Thread-327:16416 [wandb_init.py:init():427] wandb.init called with sweep_config: {'activation': 'tanh', 'batch': 100, 'dropout_rate': 0.6, 'epoch': 10, 'epochs': 5, 'layer1_size': 256, 'layer2_size': 64, 'lr': 0.002, 'optimizer': 'nadam'}
config: {}
2022-02-21 15:17:11,796 INFO    Thread-327:16416 [wandb_init.py:init():466] wandb.init() called when a run is still active
2022-02-21 15:21:12,222 ERROR   Thread-7  :16416 [retry.py:__call__():126] Retry attempt failed:
Traceback (most recent call last):
  File "C:\ProgramData\Anaconda3\lib\site-packages\urllib3\connectionpool.py", line 601, in urlopen
    chunked=chunked)
  File "C:\ProgramData\Anaconda3\lib\site-packages\urllib3\connectionpool.py", line 346, in _make_request
    self._validate_conn(conn)
  File "C:\ProgramData\Anaconda3\lib\site-packages\urllib3\connectionpool.py", line 850, in _validate_conn
    conn.connect()
  File "C:\ProgramData\Anaconda3\lib\site-packages\urllib3\connection.py", line 326, in connect
    ssl_context=context)
  File "C:\ProgramData\Anaconda3\lib\site-packages\urllib3\util\ssl_.py", line 329, in ssl_wrap_socket
    return context.wrap_socket(sock, server_hostname=server_hostname)
  File "C:\ProgramData\Anaconda3\lib\ssl.py", line 407, in wrap_socket
    _context=self, _session=session)
  File "C:\ProgramData\Anaconda3\lib\ssl.py", line 814, in __init__
    self.do_handshake()
  File "C:\ProgramData\Anaconda3\lib\ssl.py", line 1068, in do_handshake
    self._sslobj.do_handshake()
  File "C:\ProgramData\Anaconda3\lib\ssl.py", line 689, in do_handshake
    self._sslobj.do_handshake()
ssl.SSLEOFError: EOF occurred in violation of protocol (_ssl.c:833)

During handling of the above exception, another exception occurred:

Traceback (most recent call last):
  File "C:\Users\cseka\AppData\Roaming\Python\Python36\site-packages\requests\adapters.py", line 449, in send
    timeout=timeout
  File "C:\ProgramData\Anaconda3\lib\site-packages\urllib3\connectionpool.py", line 639, in urlopen
    _stacktrace=sys.exc_info()[2])
  File "C:\ProgramData\Anaconda3\lib\site-packages\urllib3\util\retry.py", line 388, in increment
    raise MaxRetryError(_pool, url, error or ResponseError(cause))
urllib3.exceptions.MaxRetryError: HTTPSConnectionPool(host='api.wandb.ai', port=443): Max retries exceeded with url: /graphql (Caused by SSLError(SSLEOFError(8, 'EOF occurred in violation of protocol (_ssl.c:833)'),))

During handling of the above exception, another exception occurred:

Traceback (most recent call last):
  File "C:\Users\cseka\AppData\Roaming\Python\Python36\site-packages\wandb\sdk\lib\retry.py", line 102, in __call__
    result = self._call_fn(*args, **kwargs)
  File "C:\Users\cseka\AppData\Roaming\Python\Python36\site-packages\wandb\sdk\internal\internal_api.py", line 140, in execute
    return self.client.execute(*args, **kwargs)
  File "C:\Users\cseka\AppData\Roaming\Python\Python36\site-packages\wandb\vendor\gql-0.2.0\gql\client.py", line 52, in execute
    result = self._get_result(document, *args, **kwargs)
  File "C:\Users\cseka\AppData\Roaming\Python\Python36\site-packages\wandb\vendor\gql-0.2.0\gql\client.py", line 60, in _get_result
    return self.transport.execute(document, *args, **kwargs)
  File "C:\Users\cseka\AppData\Roaming\Python\Python36\site-packages\wandb\vendor\gql-0.2.0\gql\transport\requests.py", line 38, in execute
    request = requests.post(self.url, **post_args)
  File "C:\Users\cseka\AppData\Roaming\Python\Python36\site-packages\requests\api.py", line 117, in post
    return request('post', url, data=data, json=json, **kwargs)
  File "C:\Users\cseka\AppData\Roaming\Python\Python36\site-packages\requests\api.py", line 61, in request
    return session.request(method=method, url=url, **kwargs)
  File "C:\Users\cseka\AppData\Roaming\Python\Python36\site-packages\requests\sessions.py", line 542, in request
    resp = self.send(prep, **send_kwargs)
  File "C:\Users\cseka\AppData\Roaming\Python\Python36\site-packages\requests\sessions.py", line 655, in send
    r = adapter.send(request, **kwargs)
  File "C:\Users\cseka\AppData\Roaming\Python\Python36\site-packages\requests\adapters.py", line 514, in send
    raise SSLError(e, request=request)
requests.exceptions.SSLError: HTTPSConnectionPool(host='api.wandb.ai', port=443): Max retries exceeded with url: /graphql (Caused by SSLError(SSLEOFError(8, 'EOF occurred in violation of protocol (_ssl.c:833)'),))
2022-02-21 15:21:22,190 INFO    Thread-327:16416 [wandb_run.py:finish():1468] finishing run kankan-jana/cs6910_assignment1/b3gv8783
2022-02-21 15:21:22,195 INFO    Thread-327:16416 [wandb_run.py:_atexit_cleanup():1797] got exitcode: 0
2022-02-21 15:21:22,202 INFO    Thread-327:16416 [wandb_run.py:_restore():1769] restore
2022-02-21 15:21:27,906 INFO    Thread-327:16416 [wandb_run.py:_wait_for_finish():1929] got exit ret: None
2022-02-21 15:21:33,036 INFO    Thread-327:16416 [wandb_run.py:_wait_for_finish():1929] got exit ret: None
2022-02-21 15:21:38,149 INFO    Thread-327:16416 [wandb_run.py:_wait_for_finish():1929] got exit ret: None
2022-02-21 15:21:43,274 INFO    Thread-327:16416 [wandb_run.py:_wait_for_finish():1929] got exit ret: None
2022-02-21 15:21:48,387 INFO    Thread-327:16416 [wandb_run.py:_wait_for_finish():1929] got exit ret: None
2022-02-21 15:21:53,507 INFO    Thread-327:16416 [wandb_run.py:_wait_for_finish():1929] got exit ret: None
2022-02-21 15:21:58,629 INFO    Thread-327:16416 [wandb_run.py:_wait_for_finish():1929] got exit ret: None
2022-02-21 15:22:03,784 INFO    Thread-327:16416 [wandb_run.py:_wait_for_finish():1929] got exit ret: None
2022-02-21 15:22:08,898 INFO    Thread-327:16416 [wandb_run.py:_wait_for_finish():1929] got exit ret: None
2022-02-21 15:22:14,020 INFO    Thread-327:16416 [wandb_run.py:_wait_for_finish():1929] got exit ret: None
2022-02-21 15:22:19,135 INFO    Thread-327:16416 [wandb_run.py:_wait_for_finish():1929] got exit ret: None
2022-02-21 15:22:24,247 INFO    Thread-327:16416 [wandb_run.py:_wait_for_finish():1929] got exit ret: None
2022-02-21 15:22:29,364 INFO    Thread-327:16416 [wandb_run.py:_wait_for_finish():1929] got exit ret: None
2022-02-21 15:22:34,507 INFO    Thread-327:16416 [wandb_run.py:_wait_for_finish():1929] got exit ret: None
2022-02-21 15:22:39,630 INFO    Thread-327:16416 [wandb_run.py:_wait_for_finish():1929] got exit ret: None
2022-02-21 15:22:44,751 INFO    Thread-327:16416 [wandb_run.py:_wait_for_finish():1929] got exit ret: None
2022-02-21 15:22:49,870 INFO    Thread-327:16416 [wandb_run.py:_wait_for_finish():1929] got exit ret: None
2022-02-21 15:22:54,985 INFO    Thread-327:16416 [wandb_run.py:_wait_for_finish():1929] got exit ret: None
2022-02-21 15:23:00,096 INFO    Thread-327:16416 [wandb_run.py:_wait_for_finish():1929] got exit ret: None
2022-02-21 15:23:05,207 INFO    Thread-327:16416 [wandb_run.py:_wait_for_finish():1929] got exit ret: None
2022-02-21 15:23:10,323 INFO    Thread-327:16416 [wandb_run.py:_wait_for_finish():1929] got exit ret: None
2022-02-21 15:23:15,439 INFO    Thread-327:16416 [wandb_run.py:_wait_for_finish():1929] got exit ret: None
2022-02-21 15:23:20,550 INFO    Thread-327:16416 [wandb_run.py:_wait_for_finish():1929] got exit ret: None
2022-02-21 15:23:25,664 INFO    Thread-327:16416 [wandb_run.py:_wait_for_finish():1929] got exit ret: None
2022-02-21 15:23:30,780 INFO    Thread-327:16416 [wandb_run.py:_wait_for_finish():1929] got exit ret: None
2022-02-21 15:23:35,945 INFO    Thread-327:16416 [wandb_run.py:_wait_for_finish():1929] got exit ret: None
2022-02-21 15:23:41,111 INFO    Thread-327:16416 [wandb_run.py:_wait_for_finish():1929] got exit ret: None
2022-02-21 15:23:46,226 INFO    Thread-327:16416 [wandb_run.py:_wait_for_finish():1929] got exit ret: None
2022-02-21 15:23:51,339 INFO    Thread-327:16416 [wandb_run.py:_wait_for_finish():1929] got exit ret: None
2022-02-21 15:23:56,455 INFO    Thread-327:16416 [wandb_run.py:_wait_for_finish():1929] got exit ret: None
2022-02-21 15:23:57,237 INFO    Thread-327:16416 [wandb_run.py:_wait_for_finish():1929] got exit ret: file_counts {
  wandb_count: 2
  other_count: 1
}
pusher_stats {
  uploaded_bytes: 16447
  total_bytes: 16447
}

2022-02-21 15:23:57,873 INFO    Thread-327:16416 [wandb_run.py:_wait_for_finish():1929] got exit ret: file_counts {
  wandb_count: 2
  other_count: 1
}
pusher_stats {
  uploaded_bytes: 16447
  total_bytes: 16447
}

2022-02-21 15:23:59,307 INFO    Thread-327:16416 [wandb_run.py:_wait_for_finish():1929] got exit ret: file_counts {
  wandb_count: 2
  other_count: 1
}
pusher_stats {
  uploaded_bytes: 16447
  total_bytes: 16447
}

2022-02-21 15:23:59,886 INFO    Thread-327:16416 [wandb_run.py:_wait_for_finish():1929] got exit ret: file_counts {
  wandb_count: 6
  other_count: 1
}
pusher_stats {
  uploaded_bytes: 16447
  total_bytes: 23497
}

2022-02-21 15:24:00,116 INFO    Thread-327:16416 [wandb_run.py:_wait_for_finish():1929] got exit ret: file_counts {
  wandb_count: 6
  other_count: 1
}
pusher_stats {
  uploaded_bytes: 16447
  total_bytes: 23497
}

2022-02-21 15:24:00,440 INFO    Thread-327:16416 [wandb_run.py:_wait_for_finish():1929] got exit ret: file_counts {
  wandb_count: 6
  other_count: 1
}
pusher_stats {
  uploaded_bytes: 16447
  total_bytes: 23497
}

2022-02-21 15:24:00,606 INFO    Thread-327:16416 [wandb_run.py:_wait_for_finish():1929] got exit ret: file_counts {
  wandb_count: 6
  other_count: 1
}
pusher_stats {
  uploaded_bytes: 16447
  total_bytes: 23497
}

2022-02-21 15:24:00,770 INFO    Thread-327:16416 [wandb_run.py:_wait_for_finish():1929] got exit ret: file_counts {
  wandb_count: 6
  other_count: 1
}
pusher_stats {
  uploaded_bytes: 16447
  total_bytes: 23497
}

2022-02-21 15:24:00,912 INFO    Thread-327:16416 [wandb_run.py:_wait_for_finish():1929] got exit ret: file_counts {
  wandb_count: 6
  other_count: 1
}
pusher_stats {
  uploaded_bytes: 16447
  total_bytes: 23497
}

2022-02-21 15:24:01,134 INFO    Thread-327:16416 [wandb_run.py:_wait_for_finish():1929] got exit ret: file_counts {
  wandb_count: 6
  other_count: 1
}
pusher_stats {
  uploaded_bytes: 16447
  total_bytes: 23497
}

2022-02-21 15:24:01,330 INFO    Thread-327:16416 [wandb_run.py:_wait_for_finish():1929] got exit ret: file_counts {
  wandb_count: 6
  other_count: 1
}
pusher_stats {
  uploaded_bytes: 16447
  total_bytes: 23497
}

2022-02-21 15:24:01,568 INFO    Thread-327:16416 [wandb_run.py:_wait_for_finish():1929] got exit ret: file_counts {
  wandb_count: 6
  other_count: 1
}
pusher_stats {
  uploaded_bytes: 16447
  total_bytes: 23497
}

2022-02-21 15:24:01,702 INFO    Thread-327:16416 [wandb_run.py:_wait_for_finish():1929] got exit ret: file_counts {
  wandb_count: 6
  other_count: 1
}
pusher_stats {
  uploaded_bytes: 16447
  total_bytes: 23497
}

2022-02-21 15:24:01,830 INFO    Thread-327:16416 [wandb_run.py:_wait_for_finish():1929] got exit ret: file_counts {
  wandb_count: 6
  other_count: 1
}
pusher_stats {
  uploaded_bytes: 16447
  total_bytes: 23497
}

2022-02-21 15:24:01,968 INFO    Thread-327:16416 [wandb_run.py:_wait_for_finish():1929] got exit ret: file_counts {
  wandb_count: 6
  other_count: 1
}
pusher_stats {
  uploaded_bytes: 16447
  total_bytes: 23497
}

2022-02-21 15:24:02,320 INFO    Thread-327:16416 [wandb_run.py:_wait_for_finish():1929] got exit ret: file_counts {
  wandb_count: 6
  other_count: 1
}
pusher_stats {
  uploaded_bytes: 16447
  total_bytes: 23497
}

2022-02-21 15:24:02,504 INFO    Thread-327:16416 [wandb_run.py:_wait_for_finish():1929] got exit ret: file_counts {
  wandb_count: 6
  other_count: 1
}
pusher_stats {
  uploaded_bytes: 16447
  total_bytes: 23497
}

2022-02-21 15:24:02,639 INFO    Thread-327:16416 [wandb_run.py:_wait_for_finish():1929] got exit ret: file_counts {
  wandb_count: 6
  other_count: 1
}
pusher_stats {
  uploaded_bytes: 16447
  total_bytes: 23497
}

2022-02-21 15:24:02,767 INFO    Thread-327:16416 [wandb_run.py:_wait_for_finish():1929] got exit ret: file_counts {
  wandb_count: 6
  other_count: 1
}
pusher_stats {
  uploaded_bytes: 16447
  total_bytes: 23497
}

2022-02-21 15:24:02,898 INFO    Thread-327:16416 [wandb_run.py:_wait_for_finish():1929] got exit ret: file_counts {
  wandb_count: 6
  other_count: 1
}
pusher_stats {
  uploaded_bytes: 16447
  total_bytes: 23497
}

2022-02-21 15:24:03,021 INFO    Thread-327:16416 [wandb_run.py:_wait_for_finish():1929] got exit ret: file_counts {
  wandb_count: 6
  other_count: 1
}
pusher_stats {
  uploaded_bytes: 16447
  total_bytes: 23497
}

2022-02-21 15:24:03,141 INFO    Thread-327:16416 [wandb_run.py:_wait_for_finish():1929] got exit ret: file_counts {
  wandb_count: 6
  other_count: 1
}
pusher_stats {
  uploaded_bytes: 16447
  total_bytes: 23497
}

2022-02-21 15:24:03,263 INFO    Thread-327:16416 [wandb_run.py:_wait_for_finish():1929] got exit ret: file_counts {
  wandb_count: 6
  other_count: 1
}
pusher_stats {
  uploaded_bytes: 16447
  total_bytes: 23497
}

2022-02-21 15:24:03,391 INFO    Thread-327:16416 [wandb_run.py:_wait_for_finish():1929] got exit ret: file_counts {
  wandb_count: 6
  other_count: 1
}
pusher_stats {
  uploaded_bytes: 16447
  total_bytes: 23497
}

2022-02-21 15:24:03,517 INFO    Thread-327:16416 [wandb_run.py:_wait_for_finish():1929] got exit ret: file_counts {
  wandb_count: 6
  other_count: 1
}
pusher_stats {
  uploaded_bytes: 16447
  total_bytes: 23497
}

2022-02-21 15:24:03,639 INFO    Thread-327:16416 [wandb_run.py:_wait_for_finish():1929] got exit ret: file_counts {
  wandb_count: 6
  other_count: 1
}
pusher_stats {
  uploaded_bytes: 16447
  total_bytes: 23497
}

2022-02-21 15:24:03,762 INFO    Thread-327:16416 [wandb_run.py:_wait_for_finish():1929] got exit ret: file_counts {
  wandb_count: 6
  other_count: 1
}
pusher_stats {
  uploaded_bytes: 16447
  total_bytes: 23497
}

2022-02-21 15:24:03,887 INFO    Thread-327:16416 [wandb_run.py:_wait_for_finish():1929] got exit ret: file_counts {
  wandb_count: 6
  other_count: 1
}
pusher_stats {
  uploaded_bytes: 16447
  total_bytes: 23497
}

2022-02-21 15:24:04,015 INFO    Thread-327:16416 [wandb_run.py:_wait_for_finish():1929] got exit ret: file_counts {
  wandb_count: 6
  other_count: 1
}
pusher_stats {
  uploaded_bytes: 16447
  total_bytes: 23497
}

2022-02-21 15:24:04,147 INFO    Thread-327:16416 [wandb_run.py:_wait_for_finish():1929] got exit ret: file_counts {
  wandb_count: 6
  other_count: 1
}
pusher_stats {
  uploaded_bytes: 16447
  total_bytes: 23497
}

2022-02-21 15:24:04,273 INFO    Thread-327:16416 [wandb_run.py:_wait_for_finish():1929] got exit ret: file_counts {
  wandb_count: 6
  other_count: 1
}
pusher_stats {
  uploaded_bytes: 16447
  total_bytes: 23497
}

2022-02-21 15:24:04,411 INFO    Thread-327:16416 [wandb_run.py:_wait_for_finish():1929] got exit ret: file_counts {
  wandb_count: 6
  other_count: 1
}
pusher_stats {
  uploaded_bytes: 16447
  total_bytes: 23497
}

2022-02-21 15:24:04,533 INFO    Thread-327:16416 [wandb_run.py:_wait_for_finish():1929] got exit ret: file_counts {
  wandb_count: 6
  other_count: 1
}
pusher_stats {
  uploaded_bytes: 16447
  total_bytes: 23497
}

2022-02-21 15:24:04,657 INFO    Thread-327:16416 [wandb_run.py:_wait_for_finish():1929] got exit ret: file_counts {
  wandb_count: 6
  other_count: 1
}
pusher_stats {
  uploaded_bytes: 16447
  total_bytes: 23497
}

2022-02-21 15:24:04,780 INFO    Thread-327:16416 [wandb_run.py:_wait_for_finish():1929] got exit ret: file_counts {
  wandb_count: 6
  other_count: 1
}
pusher_stats {
  uploaded_bytes: 16447
  total_bytes: 23497
}

2022-02-21 15:24:04,915 INFO    Thread-327:16416 [wandb_run.py:_wait_for_finish():1929] got exit ret: file_counts {
  wandb_count: 6
  other_count: 1
}
pusher_stats {
  uploaded_bytes: 16447
  total_bytes: 23497
}

2022-02-21 15:24:05,046 INFO    Thread-327:16416 [wandb_run.py:_wait_for_finish():1929] got exit ret: file_counts {
  wandb_count: 6
  other_count: 1
}
pusher_stats {
  uploaded_bytes: 16447
  total_bytes: 23497
}

2022-02-21 15:24:05,177 INFO    Thread-327:16416 [wandb_run.py:_wait_for_finish():1929] got exit ret: file_counts {
  wandb_count: 6
  other_count: 1
}
pusher_stats {
  uploaded_bytes: 16447
  total_bytes: 23497
}

2022-02-21 15:24:05,313 INFO    Thread-327:16416 [wandb_run.py:_wait_for_finish():1929] got exit ret: file_counts {
  wandb_count: 6
  other_count: 1
}
pusher_stats {
  uploaded_bytes: 16447
  total_bytes: 23497
}

2022-02-21 15:24:05,447 INFO    Thread-327:16416 [wandb_run.py:_wait_for_finish():1929] got exit ret: file_counts {
  wandb_count: 6
  other_count: 1
}
pusher_stats {
  uploaded_bytes: 16447
  total_bytes: 23497
}

2022-02-21 15:24:05,570 INFO    Thread-327:16416 [wandb_run.py:_wait_for_finish():1929] got exit ret: file_counts {
  wandb_count: 6
  other_count: 1
}
pusher_stats {
  uploaded_bytes: 16447
  total_bytes: 23497
}

2022-02-21 15:24:05,689 INFO    Thread-327:16416 [wandb_run.py:_wait_for_finish():1929] got exit ret: file_counts {
  wandb_count: 6
  other_count: 1
}
pusher_stats {
  uploaded_bytes: 16447
  total_bytes: 23497
}

2022-02-21 15:24:05,813 INFO    Thread-327:16416 [wandb_run.py:_wait_for_finish():1929] got exit ret: file_counts {
  wandb_count: 6
  other_count: 1
}
pusher_stats {
  uploaded_bytes: 16447
  total_bytes: 23497
}

2022-02-21 15:24:05,937 INFO    Thread-327:16416 [wandb_run.py:_wait_for_finish():1929] got exit ret: file_counts {
  wandb_count: 6
  other_count: 1
}
pusher_stats {
  uploaded_bytes: 16447
  total_bytes: 23497
}

2022-02-21 15:24:06,062 INFO    Thread-327:16416 [wandb_run.py:_wait_for_finish():1929] got exit ret: file_counts {
  wandb_count: 6
  other_count: 1
}
pusher_stats {
  uploaded_bytes: 16447
  total_bytes: 23497
}

2022-02-21 15:24:06,184 INFO    Thread-327:16416 [wandb_run.py:_wait_for_finish():1929] got exit ret: file_counts {
  wandb_count: 6
  other_count: 1
}
pusher_stats {
  uploaded_bytes: 16447
  total_bytes: 23497
}

2022-02-21 15:24:06,317 INFO    Thread-327:16416 [wandb_run.py:_wait_for_finish():1929] got exit ret: file_counts {
  wandb_count: 6
  other_count: 1
}
pusher_stats {
  uploaded_bytes: 16447
  total_bytes: 23497
}

2022-02-21 15:24:06,442 INFO    Thread-327:16416 [wandb_run.py:_wait_for_finish():1929] got exit ret: file_counts {
  wandb_count: 6
  other_count: 1
}
pusher_stats {
  uploaded_bytes: 16447
  total_bytes: 23497
}

2022-02-21 15:24:06,563 INFO    Thread-327:16416 [wandb_run.py:_wait_for_finish():1929] got exit ret: file_counts {
  wandb_count: 6
  other_count: 1
}
pusher_stats {
  uploaded_bytes: 16447
  total_bytes: 23497
}

2022-02-21 15:24:06,687 INFO    Thread-327:16416 [wandb_run.py:_wait_for_finish():1929] got exit ret: file_counts {
  wandb_count: 6
  other_count: 1
}
pusher_stats {
  uploaded_bytes: 16447
  total_bytes: 23497
}

2022-02-21 15:24:06,810 INFO    Thread-327:16416 [wandb_run.py:_wait_for_finish():1929] got exit ret: file_counts {
  wandb_count: 6
  other_count: 1
}
pusher_stats {
  uploaded_bytes: 16447
  total_bytes: 23497
}

2022-02-21 15:24:06,936 INFO    Thread-327:16416 [wandb_run.py:_wait_for_finish():1929] got exit ret: file_counts {
  wandb_count: 6
  other_count: 1
}
pusher_stats {
  uploaded_bytes: 16447
  total_bytes: 23497
}

2022-02-21 15:24:07,060 INFO    Thread-327:16416 [wandb_run.py:_wait_for_finish():1929] got exit ret: file_counts {
  wandb_count: 6
  other_count: 1
}
pusher_stats {
  uploaded_bytes: 16447
  total_bytes: 23497
}

2022-02-21 15:24:07,180 INFO    Thread-327:16416 [wandb_run.py:_wait_for_finish():1929] got exit ret: file_counts {
  wandb_count: 6
  other_count: 1
}
pusher_stats {
  uploaded_bytes: 16447
  total_bytes: 23497
}

2022-02-21 15:24:07,305 INFO    Thread-327:16416 [wandb_run.py:_wait_for_finish():1929] got exit ret: file_counts {
  wandb_count: 6
  other_count: 1
}
pusher_stats {
  uploaded_bytes: 16447
  total_bytes: 23497
}

2022-02-21 15:24:07,429 INFO    Thread-327:16416 [wandb_run.py:_wait_for_finish():1929] got exit ret: file_counts {
  wandb_count: 6
  other_count: 1
}
pusher_stats {
  uploaded_bytes: 16447
  total_bytes: 23497
}

2022-02-21 15:24:07,548 INFO    Thread-327:16416 [wandb_run.py:_wait_for_finish():1929] got exit ret: file_counts {
  wandb_count: 6
  other_count: 1
}
pusher_stats {
  uploaded_bytes: 17914
  total_bytes: 23497
}

2022-02-21 15:24:07,673 INFO    Thread-327:16416 [wandb_run.py:_wait_for_finish():1929] got exit ret: file_counts {
  wandb_count: 6
  other_count: 1
}
pusher_stats {
  uploaded_bytes: 17914
  total_bytes: 23497
}

2022-02-21 15:24:07,801 INFO    Thread-327:16416 [wandb_run.py:_wait_for_finish():1929] got exit ret: file_counts {
  wandb_count: 6
  other_count: 1
}
pusher_stats {
  uploaded_bytes: 17914
  total_bytes: 23497
}

2022-02-21 15:24:07,960 INFO    Thread-327:16416 [wandb_run.py:_wait_for_finish():1929] got exit ret: file_counts {
  wandb_count: 6
  other_count: 1
}
pusher_stats {
  uploaded_bytes: 17914
  total_bytes: 23497
}

2022-02-21 15:24:08,094 INFO    Thread-327:16416 [wandb_run.py:_wait_for_finish():1929] got exit ret: file_counts {
  wandb_count: 6
  other_count: 1
}
pusher_stats {
  uploaded_bytes: 17914
  total_bytes: 23497
}

2022-02-21 15:24:08,215 INFO    Thread-327:16416 [wandb_run.py:_wait_for_finish():1929] got exit ret: file_counts {
  wandb_count: 6
  other_count: 1
}
pusher_stats {
  uploaded_bytes: 17914
  total_bytes: 23497
}

2022-02-21 15:24:08,333 INFO    Thread-327:16416 [wandb_run.py:_wait_for_finish():1929] got exit ret: file_counts {
  wandb_count: 6
  other_count: 1
}
pusher_stats {
  uploaded_bytes: 17914
  total_bytes: 23497
}

2022-02-21 15:24:08,455 INFO    Thread-327:16416 [wandb_run.py:_wait_for_finish():1929] got exit ret: file_counts {
  wandb_count: 6
  other_count: 1
}
pusher_stats {
  uploaded_bytes: 17914
  total_bytes: 23497
}

2022-02-21 15:24:08,577 INFO    Thread-327:16416 [wandb_run.py:_wait_for_finish():1929] got exit ret: file_counts {
  wandb_count: 6
  other_count: 1
}
pusher_stats {
  uploaded_bytes: 17914
  total_bytes: 23497
}

2022-02-21 15:24:08,699 INFO    Thread-327:16416 [wandb_run.py:_wait_for_finish():1929] got exit ret: file_counts {
  wandb_count: 6
  other_count: 1
}
pusher_stats {
  uploaded_bytes: 17914
  total_bytes: 23497
}

2022-02-21 15:24:08,822 INFO    Thread-327:16416 [wandb_run.py:_wait_for_finish():1929] got exit ret: file_counts {
  wandb_count: 6
  other_count: 1
}
pusher_stats {
  uploaded_bytes: 17914
  total_bytes: 23497
}

2022-02-21 15:24:08,946 INFO    Thread-327:16416 [wandb_run.py:_wait_for_finish():1929] got exit ret: file_counts {
  wandb_count: 6
  other_count: 1
}
pusher_stats {
  uploaded_bytes: 17914
  total_bytes: 23497
}

2022-02-21 15:24:09,066 INFO    Thread-327:16416 [wandb_run.py:_wait_for_finish():1929] got exit ret: file_counts {
  wandb_count: 6
  other_count: 1
}
pusher_stats {
  uploaded_bytes: 17914
  total_bytes: 23497
}

2022-02-21 15:24:09,188 INFO    Thread-327:16416 [wandb_run.py:_wait_for_finish():1929] got exit ret: file_counts {
  wandb_count: 6
  other_count: 1
}
pusher_stats {
  uploaded_bytes: 17914
  total_bytes: 23497
}

2022-02-21 15:24:09,313 INFO    Thread-327:16416 [wandb_run.py:_wait_for_finish():1929] got exit ret: file_counts {
  wandb_count: 6
  other_count: 1
}
pusher_stats {
  uploaded_bytes: 17914
  total_bytes: 23497
}

2022-02-21 15:24:09,434 INFO    Thread-327:16416 [wandb_run.py:_wait_for_finish():1929] got exit ret: file_counts {
  wandb_count: 6
  other_count: 1
}
pusher_stats {
  uploaded_bytes: 17914
  total_bytes: 23497
}

2022-02-21 15:24:09,554 INFO    Thread-327:16416 [wandb_run.py:_wait_for_finish():1929] got exit ret: file_counts {
  wandb_count: 6
  other_count: 1
}
pusher_stats {
  uploaded_bytes: 17914
  total_bytes: 23497
}

2022-02-21 15:24:09,678 INFO    Thread-327:16416 [wandb_run.py:_wait_for_finish():1929] got exit ret: file_counts {
  wandb_count: 6
  other_count: 1
}
pusher_stats {
  uploaded_bytes: 17914
  total_bytes: 23497
}

2022-02-21 15:24:09,799 INFO    Thread-327:16416 [wandb_run.py:_wait_for_finish():1929] got exit ret: file_counts {
  wandb_count: 6
  other_count: 1
}
pusher_stats {
  uploaded_bytes: 17914
  total_bytes: 23497
}

2022-02-21 15:24:09,919 INFO    Thread-327:16416 [wandb_run.py:_wait_for_finish():1929] got exit ret: file_counts {
  wandb_count: 6
  other_count: 1
}
pusher_stats {
  uploaded_bytes: 17914
  total_bytes: 23497
}

2022-02-21 15:24:10,042 INFO    Thread-327:16416 [wandb_run.py:_wait_for_finish():1929] got exit ret: file_counts {
  wandb_count: 6
  other_count: 1
}
pusher_stats {
  uploaded_bytes: 17914
  total_bytes: 23497
}

2022-02-21 15:24:10,165 INFO    Thread-327:16416 [wandb_run.py:_wait_for_finish():1929] got exit ret: file_counts {
  wandb_count: 6
  other_count: 1
}
pusher_stats {
  uploaded_bytes: 17914
  total_bytes: 23497
}

2022-02-21 15:24:10,343 INFO    Thread-327:16416 [wandb_run.py:_wait_for_finish():1929] got exit ret: file_counts {
  wandb_count: 6
  other_count: 1
}
pusher_stats {
  uploaded_bytes: 17914
  total_bytes: 23497
}

2022-02-21 15:24:10,489 INFO    Thread-327:16416 [wandb_run.py:_wait_for_finish():1929] got exit ret: file_counts {
  wandb_count: 6
  other_count: 1
}
pusher_stats {
  uploaded_bytes: 17914
  total_bytes: 23497
}

2022-02-21 15:24:10,646 INFO    Thread-327:16416 [wandb_run.py:_wait_for_finish():1929] got exit ret: file_counts {
  wandb_count: 6
  other_count: 1
}
pusher_stats {
  uploaded_bytes: 17914
  total_bytes: 23497
}

2022-02-21 15:24:10,781 INFO    Thread-327:16416 [wandb_run.py:_wait_for_finish():1929] got exit ret: file_counts {
  wandb_count: 6
  other_count: 1
}
pusher_stats {
  uploaded_bytes: 17914
  total_bytes: 23497
}

2022-02-21 15:24:10,898 INFO    Thread-327:16416 [wandb_run.py:_wait_for_finish():1929] got exit ret: file_counts {
  wandb_count: 6
  other_count: 1
}
pusher_stats {
  uploaded_bytes: 17914
  total_bytes: 23497
}

2022-02-21 15:24:11,032 INFO    Thread-327:16416 [wandb_run.py:_wait_for_finish():1929] got exit ret: file_counts {
  wandb_count: 6
  other_count: 1
}
pusher_stats {
  uploaded_bytes: 17914
  total_bytes: 23497
}

2022-02-21 15:24:11,153 INFO    Thread-327:16416 [wandb_run.py:_wait_for_finish():1929] got exit ret: file_counts {
  wandb_count: 6
  other_count: 1
}
pusher_stats {
  uploaded_bytes: 23275
  total_bytes: 23497
}

2022-02-21 15:24:11,276 INFO    Thread-327:16416 [wandb_run.py:_wait_for_finish():1929] got exit ret: file_counts {
  wandb_count: 6
  other_count: 1
}
pusher_stats {
  uploaded_bytes: 23275
  total_bytes: 23497
}

2022-02-21 15:24:11,396 INFO    Thread-327:16416 [wandb_run.py:_wait_for_finish():1929] got exit ret: file_counts {
  wandb_count: 6
  other_count: 1
}
pusher_stats {
  uploaded_bytes: 23275
  total_bytes: 23497
}

2022-02-21 15:24:11,516 INFO    Thread-327:16416 [wandb_run.py:_wait_for_finish():1929] got exit ret: file_counts {
  wandb_count: 6
  other_count: 1
}
pusher_stats {
  uploaded_bytes: 23275
  total_bytes: 23497
}

2022-02-21 15:24:11,634 INFO    Thread-327:16416 [wandb_run.py:_wait_for_finish():1929] got exit ret: file_counts {
  wandb_count: 6
  other_count: 1
}
pusher_stats {
  uploaded_bytes: 23275
  total_bytes: 23497
}

2022-02-21 15:24:11,754 INFO    Thread-327:16416 [wandb_run.py:_wait_for_finish():1929] got exit ret: file_counts {
  wandb_count: 6
  other_count: 1
}
pusher_stats {
  uploaded_bytes: 23275
  total_bytes: 23497
}

2022-02-21 15:24:11,875 INFO    Thread-327:16416 [wandb_run.py:_wait_for_finish():1929] got exit ret: file_counts {
  wandb_count: 6
  other_count: 1
}
pusher_stats {
  uploaded_bytes: 23275
  total_bytes: 23497
}

2022-02-21 15:24:11,993 INFO    Thread-327:16416 [wandb_run.py:_wait_for_finish():1929] got exit ret: file_counts {
  wandb_count: 6
  other_count: 1
}
pusher_stats {
  uploaded_bytes: 23275
  total_bytes: 23497
}

2022-02-21 15:24:12,114 INFO    Thread-327:16416 [wandb_run.py:_wait_for_finish():1929] got exit ret: file_counts {
  wandb_count: 6
  other_count: 1
}
pusher_stats {
  uploaded_bytes: 23275
  total_bytes: 23497
}

2022-02-21 15:24:12,235 INFO    Thread-327:16416 [wandb_run.py:_wait_for_finish():1929] got exit ret: file_counts {
  wandb_count: 6
  other_count: 1
}
pusher_stats {
  uploaded_bytes: 23275
  total_bytes: 23497
}

2022-02-21 15:24:12,360 INFO    Thread-327:16416 [wandb_run.py:_wait_for_finish():1929] got exit ret: file_counts {
  wandb_count: 6
  other_count: 1
}
pusher_stats {
  uploaded_bytes: 23275
  total_bytes: 23497
}

2022-02-21 15:24:12,479 INFO    Thread-327:16416 [wandb_run.py:_wait_for_finish():1929] got exit ret: file_counts {
  wandb_count: 6
  other_count: 1
}
pusher_stats {
  uploaded_bytes: 23275
  total_bytes: 23497
}

2022-02-21 15:24:12,596 INFO    Thread-327:16416 [wandb_run.py:_wait_for_finish():1929] got exit ret: file_counts {
  wandb_count: 6
  other_count: 1
}
pusher_stats {
  uploaded_bytes: 23275
  total_bytes: 23497
}

2022-02-21 15:24:12,720 INFO    Thread-327:16416 [wandb_run.py:_wait_for_finish():1929] got exit ret: file_counts {
  wandb_count: 6
  other_count: 1
}
pusher_stats {
  uploaded_bytes: 23275
  total_bytes: 23497
}

2022-02-21 15:24:12,846 INFO    Thread-327:16416 [wandb_run.py:_wait_for_finish():1929] got exit ret: file_counts {
  wandb_count: 6
  other_count: 1
}
pusher_stats {
  uploaded_bytes: 23275
  total_bytes: 23497
}

2022-02-21 15:24:12,967 INFO    Thread-327:16416 [wandb_run.py:_wait_for_finish():1929] got exit ret: file_counts {
  wandb_count: 6
  other_count: 1
}
pusher_stats {
  uploaded_bytes: 23275
  total_bytes: 23497
}

2022-02-21 15:24:13,089 INFO    Thread-327:16416 [wandb_run.py:_wait_for_finish():1929] got exit ret: file_counts {
  wandb_count: 6
  other_count: 1
}
pusher_stats {
  uploaded_bytes: 23275
  total_bytes: 23497
}

2022-02-21 15:24:13,211 INFO    Thread-327:16416 [wandb_run.py:_wait_for_finish():1929] got exit ret: file_counts {
  wandb_count: 6
  other_count: 1
}
pusher_stats {
  uploaded_bytes: 23275
  total_bytes: 23497
}

2022-02-21 15:24:13,336 INFO    Thread-327:16416 [wandb_run.py:_wait_for_finish():1929] got exit ret: file_counts {
  wandb_count: 6
  other_count: 1
}
pusher_stats {
  uploaded_bytes: 23275
  total_bytes: 23497
}

2022-02-21 15:24:13,455 INFO    Thread-327:16416 [wandb_run.py:_wait_for_finish():1929] got exit ret: file_counts {
  wandb_count: 6
  other_count: 1
}
pusher_stats {
  uploaded_bytes: 23275
  total_bytes: 23497
}

2022-02-21 15:24:13,579 INFO    Thread-327:16416 [wandb_run.py:_wait_for_finish():1929] got exit ret: file_counts {
  wandb_count: 6
  other_count: 1
}
pusher_stats {
  uploaded_bytes: 23275
  total_bytes: 23497
}

2022-02-21 15:24:13,698 INFO    Thread-327:16416 [wandb_run.py:_wait_for_finish():1929] got exit ret: file_counts {
  wandb_count: 6
  other_count: 1
}
pusher_stats {
  uploaded_bytes: 23275
  total_bytes: 23497
}

2022-02-21 15:24:13,822 INFO    Thread-327:16416 [wandb_run.py:_wait_for_finish():1929] got exit ret: file_counts {
  wandb_count: 6
  other_count: 1
}
pusher_stats {
  uploaded_bytes: 23275
  total_bytes: 23497
}

2022-02-21 15:24:14,072 INFO    Thread-327:16416 [wandb_run.py:_wait_for_finish():1929] got exit ret: file_counts {
  wandb_count: 6
  other_count: 1
}
pusher_stats {
  uploaded_bytes: 23275
  total_bytes: 23497
}

2022-02-21 15:24:14,853 INFO    Thread-327:16416 [wandb_run.py:_wait_for_finish():1929] got exit ret: file_counts {
  wandb_count: 6
  other_count: 1
}
pusher_stats {
  uploaded_bytes: 23275
  total_bytes: 23497
}

2022-02-21 15:24:15,253 INFO    Thread-327:16416 [wandb_run.py:_wait_for_finish():1929] got exit ret: file_counts {
  wandb_count: 6
  other_count: 1
}
pusher_stats {
  uploaded_bytes: 23275
  total_bytes: 23497
}

2022-02-21 15:24:15,404 INFO    Thread-327:16416 [wandb_run.py:_wait_for_finish():1929] got exit ret: file_counts {
  wandb_count: 6
  other_count: 1
}
pusher_stats {
  uploaded_bytes: 23275
  total_bytes: 23497
}

2022-02-21 15:24:15,606 INFO    Thread-327:16416 [wandb_run.py:_wait_for_finish():1929] got exit ret: file_counts {
  wandb_count: 6
  other_count: 1
}
pusher_stats {
  uploaded_bytes: 23275
  total_bytes: 23497
}

2022-02-21 15:24:17,588 INFO    Thread-327:16416 [wandb_run.py:_wait_for_finish():1929] got exit ret: file_counts {
  wandb_count: 6
  other_count: 1
}
pusher_stats {
  uploaded_bytes: 23275
  total_bytes: 23497
}

2022-02-21 15:24:17,772 INFO    Thread-327:16416 [wandb_run.py:_wait_for_finish():1929] got exit ret: file_counts {
  wandb_count: 6
  other_count: 1
}
pusher_stats {
  uploaded_bytes: 23275
  total_bytes: 23497
}

2022-02-21 15:24:19,219 INFO    Thread-327:16416 [wandb_run.py:_wait_for_finish():1929] got exit ret: file_counts {
  wandb_count: 6
  other_count: 1
}
pusher_stats {
  uploaded_bytes: 23497
  total_bytes: 23497
}

2022-02-21 15:24:19,514 INFO    Thread-327:16416 [wandb_run.py:_wait_for_finish():1929] got exit ret: file_counts {
  wandb_count: 6
  other_count: 1
}
pusher_stats {
  uploaded_bytes: 23497
  total_bytes: 23497
}

2022-02-21 15:24:19,680 INFO    Thread-327:16416 [wandb_run.py:_wait_for_finish():1929] got exit ret: file_counts {
  wandb_count: 6
  other_count: 1
}
pusher_stats {
  uploaded_bytes: 23497
  total_bytes: 23497
}

2022-02-21 15:24:19,807 INFO    Thread-327:16416 [wandb_run.py:_wait_for_finish():1929] got exit ret: file_counts {
  wandb_count: 6
  other_count: 1
}
pusher_stats {
  uploaded_bytes: 23497
  total_bytes: 23497
}

2022-02-21 15:24:20,581 INFO    Thread-327:16416 [wandb_run.py:_wait_for_finish():1929] got exit ret: file_counts {
  wandb_count: 6
  other_count: 1
}
pusher_stats {
  uploaded_bytes: 23497
  total_bytes: 23497
}

2022-02-21 15:24:20,788 INFO    Thread-327:16416 [wandb_run.py:_wait_for_finish():1929] got exit ret: file_counts {
  wandb_count: 6
  other_count: 1
}
pusher_stats {
  uploaded_bytes: 23497
  total_bytes: 23497
}

2022-02-21 15:24:20,944 INFO    Thread-327:16416 [wandb_run.py:_wait_for_finish():1929] got exit ret: file_counts {
  wandb_count: 6
  other_count: 1
}
pusher_stats {
  uploaded_bytes: 23497
  total_bytes: 23497
}

2022-02-21 15:24:21,427 INFO    Thread-327:16416 [wandb_run.py:_wait_for_finish():1929] got exit ret: file_counts {
  wandb_count: 6
  other_count: 1
}
pusher_stats {
  uploaded_bytes: 23497
  total_bytes: 23497
}

2022-02-21 15:24:21,586 INFO    Thread-327:16416 [wandb_run.py:_wait_for_finish():1929] got exit ret: file_counts {
  wandb_count: 6
  other_count: 1
}
pusher_stats {
  uploaded_bytes: 23497
  total_bytes: 23497
}

2022-02-21 15:24:21,729 INFO    Thread-327:16416 [wandb_run.py:_wait_for_finish():1929] got exit ret: file_counts {
  wandb_count: 6
  other_count: 1
}
pusher_stats {
  uploaded_bytes: 23497
  total_bytes: 23497
}

2022-02-21 15:24:27,337 INFO    Thread-327:16416 [wandb_run.py:_wait_for_finish():1929] got exit ret: None
2022-02-21 15:24:32,469 INFO    Thread-327:16416 [wandb_run.py:_wait_for_finish():1929] got exit ret: None
2022-02-21 15:24:37,603 INFO    Thread-327:16416 [wandb_run.py:_wait_for_finish():1929] got exit ret: None
2022-02-21 15:24:42,773 INFO    Thread-327:16416 [wandb_run.py:_wait_for_finish():1929] got exit ret: None
2022-02-21 15:24:47,959 INFO    Thread-327:16416 [wandb_run.py:_wait_for_finish():1929] got exit ret: None
2022-02-21 15:24:53,202 INFO    Thread-327:16416 [wandb_run.py:_wait_for_finish():1929] got exit ret: None
2022-02-21 15:24:58,402 INFO    Thread-327:16416 [wandb_run.py:_wait_for_finish():1929] got exit ret: None
2022-02-21 15:25:03,537 INFO    Thread-327:16416 [wandb_run.py:_wait_for_finish():1929] got exit ret: None
2022-02-21 15:25:08,661 INFO    Thread-327:16416 [wandb_run.py:_wait_for_finish():1929] got exit ret: None
2022-02-21 15:25:13,792 INFO    Thread-327:16416 [wandb_run.py:_wait_for_finish():1929] got exit ret: None
2022-02-21 15:25:18,953 INFO    Thread-327:16416 [wandb_run.py:_wait_for_finish():1929] got exit ret: None
2022-02-21 15:25:24,096 INFO    Thread-327:16416 [wandb_run.py:_wait_for_finish():1929] got exit ret: None
2022-02-21 15:25:29,235 INFO    Thread-327:16416 [wandb_run.py:_wait_for_finish():1929] got exit ret: None
2022-02-21 15:25:34,364 INFO    Thread-327:16416 [wandb_run.py:_wait_for_finish():1929] got exit ret: None
2022-02-21 15:25:39,566 INFO    Thread-327:16416 [wandb_run.py:_wait_for_finish():1929] got exit ret: None
2022-02-21 15:25:44,705 INFO    Thread-327:16416 [wandb_run.py:_wait_for_finish():1929] got exit ret: None
2022-02-21 15:25:49,901 INFO    Thread-327:16416 [wandb_run.py:_wait_for_finish():1929] got exit ret: None
2022-02-21 15:25:55,015 INFO    Thread-327:16416 [wandb_run.py:_wait_for_finish():1929] got exit ret: None
2022-02-21 15:26:00,131 INFO    Thread-327:16416 [wandb_run.py:_wait_for_finish():1929] got exit ret: None
2022-02-21 15:26:02,725 INFO    Thread-327:16416 [wandb_run.py:_wait_for_finish():1929] got exit ret: file_counts {
  wandb_count: 6
  other_count: 1
}
pusher_stats {
  uploaded_bytes: 23497
  total_bytes: 23497
}

2022-02-21 15:26:06,150 INFO    Thread-327:16416 [wandb_run.py:_wait_for_finish():1929] got exit ret: done: true
exit_result {
}
file_counts {
  wandb_count: 6
  other_count: 1
}
pusher_stats {
  uploaded_bytes: 23497
  total_bytes: 23497
}
local_info {
}

2022-02-21 15:26:08,572 INFO    Thread-327:16416 [wandb_run.py:_append_history():2144] rendering history
2022-02-21 15:26:08,584 INFO    Thread-327:16416 [wandb_run.py:_append_summary():2102] rendering summary
2022-02-21 15:26:08,601 INFO    Thread-327:16416 [wandb_run.py:_append_files():2194] logging synced files
