2022-02-21 15:26:32,493 INFO    MainThread:40668 [internal.py:wandb_internal():92] W&B internal server running at pid: 40668, started at: 2022-02-21 15:26:32.490563
2022-02-21 15:26:32,643 DEBUG   HandlerThread:40668 [handler.py:handle_request():131] handle_request: check_version
2022-02-21 15:26:32,647 INFO    WriterThread:40668 [datastore.py:open_for_write():77] open: C:\Users\cseka\OneDrive\Documents\deeplearn\Deep-Learning\kj\wandb\run-20220221_152615-fvvrv6pc\run-fvvrv6pc.wandb
2022-02-21 15:26:32,679 DEBUG   SenderThread:40668 [sender.py:send():235] send: header
2022-02-21 15:26:32,681 DEBUG   SenderThread:40668 [sender.py:send_request():249] send_request: check_version
2022-02-21 15:26:36,268 DEBUG   SenderThread:40668 [sender.py:send():235] send: run
2022-02-21 15:26:37,441 DEBUG   HandlerThread:40668 [handler.py:handle_request():131] handle_request: run_start
2022-02-21 15:26:37,552 INFO    SenderThread:40668 [dir_watcher.py:__init__():169] watching files in: C:\Users\cseka\OneDrive\Documents\deeplearn\Deep-Learning\kj\wandb\run-20220221_152615-fvvrv6pc\files
2022-02-21 15:26:37,552 INFO    SenderThread:40668 [sender.py:_start_run_threads():812] run started: fvvrv6pc with start time 1645437377
2022-02-21 15:26:37,553 DEBUG   SenderThread:40668 [sender.py:send():235] send: summary
2022-02-21 15:26:37,559 INFO    SenderThread:40668 [sender.py:_save_file():944] saving file wandb-summary.json with policy end
2022-02-21 15:26:38,924 INFO    Thread-12 :40668 [dir_watcher.py:_on_file_created():217] file/dir created: C:\Users\cseka\OneDrive\Documents\deeplearn\Deep-Learning\kj\wandb\run-20220221_152615-fvvrv6pc\files\wandb-summary.json
2022-02-21 15:26:42,999 INFO    Thread-12 :40668 [dir_watcher.py:_on_file_created():217] file/dir created: C:\Users\cseka\OneDrive\Documents\deeplearn\Deep-Learning\kj\wandb\run-20220221_152615-fvvrv6pc\files\output.log
2022-02-21 15:26:45,148 INFO    Thread-12 :40668 [dir_watcher.py:_on_file_modified():230] file/dir modified: C:\Users\cseka\OneDrive\Documents\deeplearn\Deep-Learning\kj\wandb\run-20220221_152615-fvvrv6pc\files\output.log
2022-02-21 15:26:58,221 DEBUG   HandlerThread:40668 [meta.py:__init__():36] meta init
2022-02-21 15:26:58,222 DEBUG   HandlerThread:40668 [meta.py:__init__():50] meta init done
2022-02-21 15:26:58,223 DEBUG   HandlerThread:40668 [meta.py:probe():210] probe
2022-02-21 15:26:58,939 DEBUG   HandlerThread:40668 [meta.py:_setup_git():200] setup git
2022-02-21 15:26:59,593 DEBUG   HandlerThread:40668 [meta.py:_setup_git():207] setup git done
2022-02-21 15:26:59,593 DEBUG   HandlerThread:40668 [meta.py:_save_code():88] save code
2022-02-21 15:26:59,912 DEBUG   HandlerThread:40668 [meta.py:_save_code():109] save code done
2022-02-21 15:26:59,913 DEBUG   HandlerThread:40668 [meta.py:_save_patches():126] save patches
2022-02-21 15:27:00,764 INFO    Thread-12 :40668 [dir_watcher.py:_on_file_created():217] file/dir created: C:\Users\cseka\OneDrive\Documents\deeplearn\Deep-Learning\kj\wandb\run-20220221_152615-fvvrv6pc\files\code\kj\sweep_Run4.py
2022-02-21 15:27:00,773 INFO    Thread-12 :40668 [dir_watcher.py:_on_file_created():217] file/dir created: C:\Users\cseka\OneDrive\Documents\deeplearn\Deep-Learning\kj\wandb\run-20220221_152615-fvvrv6pc\files\code
2022-02-21 15:27:00,774 INFO    Thread-12 :40668 [dir_watcher.py:_on_file_created():217] file/dir created: C:\Users\cseka\OneDrive\Documents\deeplearn\Deep-Learning\kj\wandb\run-20220221_152615-fvvrv6pc\files\code\kj
2022-02-21 15:27:01,795 INFO    Thread-12 :40668 [dir_watcher.py:_on_file_created():217] file/dir created: C:\Users\cseka\OneDrive\Documents\deeplearn\Deep-Learning\kj\wandb\run-20220221_152615-fvvrv6pc\files\diff.patch
2022-02-21 15:27:02,510 DEBUG   HandlerThread:40668 [meta.py:_save_patches():168] save patches done
2022-02-21 15:27:02,511 DEBUG   HandlerThread:40668 [meta.py:_save_pip():54] save pip
2022-02-21 15:27:02,518 DEBUG   HandlerThread:40668 [meta.py:_save_pip():68] save pip done
2022-02-21 15:27:02,519 DEBUG   HandlerThread:40668 [meta.py:_save_conda():75] save conda
2022-02-21 15:27:02,803 INFO    Thread-12 :40668 [dir_watcher.py:_on_file_modified():230] file/dir modified: C:\Users\cseka\OneDrive\Documents\deeplearn\Deep-Learning\kj\wandb\run-20220221_152615-fvvrv6pc\files\diff.patch
2022-02-21 15:27:02,807 INFO    Thread-12 :40668 [dir_watcher.py:_on_file_created():217] file/dir created: C:\Users\cseka\OneDrive\Documents\deeplearn\Deep-Learning\kj\wandb\run-20220221_152615-fvvrv6pc\files\requirements.txt
2022-02-21 15:27:02,809 INFO    Thread-12 :40668 [dir_watcher.py:_on_file_created():217] file/dir created: C:\Users\cseka\OneDrive\Documents\deeplearn\Deep-Learning\kj\wandb\run-20220221_152615-fvvrv6pc\files\conda-environment.yaml
2022-02-21 15:27:25,366 DEBUG   HandlerThread:40668 [meta.py:_save_conda():85] save conda done
2022-02-21 15:27:25,367 DEBUG   HandlerThread:40668 [meta.py:probe():248] probe done
2022-02-21 15:27:25,404 DEBUG   HandlerThread:40668 [handler.py:handle_request():131] handle_request: stop_status
2022-02-21 15:27:25,406 DEBUG   SenderThread:40668 [sender.py:send_request():249] send_request: stop_status
2022-02-21 15:27:25,428 DEBUG   HandlerThread:40668 [handler.py:handle_request():131] handle_request: stop_status
2022-02-21 15:27:25,456 DEBUG   HandlerThread:40668 [handler.py:handle_request():131] handle_request: stop_status
2022-02-21 15:27:25,718 INFO    Thread-12 :40668 [dir_watcher.py:_on_file_created():217] file/dir created: C:\Users\cseka\OneDrive\Documents\deeplearn\Deep-Learning\kj\wandb\run-20220221_152615-fvvrv6pc\files\wandb-metadata.json
2022-02-21 15:27:29,486 DEBUG   SenderThread:40668 [sender.py:send():235] send: run
2022-02-21 15:27:30,016 INFO    Thread-12 :40668 [dir_watcher.py:_on_file_modified():230] file/dir modified: C:\Users\cseka\OneDrive\Documents\deeplearn\Deep-Learning\kj\wandb\run-20220221_152615-fvvrv6pc\files\config.yaml
2022-02-21 15:27:30,596 INFO    SenderThread:40668 [sender.py:send_run():707] updated run: fvvrv6pc
2022-02-21 15:27:30,598 DEBUG   SenderThread:40668 [sender.py:send_request():249] send_request: stop_status
2022-02-21 15:27:31,526 DEBUG   SenderThread:40668 [sender.py:send_request():249] send_request: stop_status
2022-02-21 15:27:32,373 DEBUG   SenderThread:40668 [sender.py:send():235] send: files
2022-02-21 15:27:32,375 INFO    SenderThread:40668 [sender.py:_save_file():944] saving file wandb-metadata.json with policy now
2022-02-21 15:27:32,379 INFO    SenderThread:40668 [sender.py:_save_file():944] saving file code\kj\sweep_Run4.py with policy now
2022-02-21 15:27:32,383 INFO    SenderThread:40668 [sender.py:_save_file():944] saving file diff.patch with policy now
2022-02-21 15:27:34,754 INFO    Thread-29 :40668 [upload_job.py:push():137] Uploaded file C:\Users\cseka\AppData\Local\Temp\tmpobzphnymwandb\svs3xy8q-wandb-metadata.json
2022-02-21 15:27:35,043 INFO    Thread-30 :40668 [upload_job.py:push():137] Uploaded file C:\Users\cseka\AppData\Local\Temp\tmpobzphnymwandb\foimbxs2-code/kj/sweep_Run4.py
2022-02-21 15:27:35,351 INFO    Thread-31 :40668 [upload_job.py:push():137] Uploaded file C:\Users\cseka\AppData\Local\Temp\tmpobzphnymwandb\1oy1gt6t-diff.patch
2022-02-21 15:27:38,607 DEBUG   SenderThread:40668 [sender.py:send():235] send: stats
2022-02-21 15:27:42,741 DEBUG   HandlerThread:40668 [handler.py:handle_request():131] handle_request: stop_status
2022-02-21 15:27:42,742 DEBUG   SenderThread:40668 [sender.py:send_request():249] send_request: stop_status
2022-02-21 15:27:58,586 DEBUG   HandlerThread:40668 [handler.py:handle_request():131] handle_request: stop_status
2022-02-21 15:27:58,587 DEBUG   SenderThread:40668 [sender.py:send_request():249] send_request: stop_status
2022-02-21 15:28:14,345 DEBUG   HandlerThread:40668 [handler.py:handle_request():131] handle_request: stop_status
2022-02-21 15:28:14,347 DEBUG   SenderThread:40668 [sender.py:send_request():249] send_request: stop_status
2022-02-21 15:28:19,641 DEBUG   SenderThread:40668 [sender.py:send():235] send: stats
2022-02-21 15:28:21,861 DEBUG   SenderThread:40668 [sender.py:send():235] send: history
2022-02-21 15:28:21,863 DEBUG   SenderThread:40668 [sender.py:send():235] send: summary
2022-02-21 15:28:21,869 INFO    SenderThread:40668 [sender.py:_save_file():944] saving file wandb-summary.json with policy end
2022-02-21 15:28:22,123 INFO    Thread-12 :40668 [dir_watcher.py:_on_file_modified():230] file/dir modified: C:\Users\cseka\OneDrive\Documents\deeplearn\Deep-Learning\kj\wandb\run-20220221_152615-fvvrv6pc\files\output.log
2022-02-21 15:28:22,243 INFO    Thread-12 :40668 [dir_watcher.py:_on_file_modified():230] file/dir modified: C:\Users\cseka\OneDrive\Documents\deeplearn\Deep-Learning\kj\wandb\run-20220221_152615-fvvrv6pc\files\wandb-summary.json
2022-02-21 15:28:32,639 DEBUG   HandlerThread:40668 [handler.py:handle_request():131] handle_request: stop_status
2022-02-21 15:28:32,641 DEBUG   SenderThread:40668 [sender.py:send_request():249] send_request: stop_status
2022-02-21 15:28:49,767 DEBUG   HandlerThread:40668 [handler.py:handle_request():131] handle_request: stop_status
2022-02-21 15:28:49,769 DEBUG   SenderThread:40668 [sender.py:send_request():249] send_request: stop_status
2022-02-21 15:29:05,975 DEBUG   HandlerThread:40668 [handler.py:handle_request():131] handle_request: stop_status
2022-02-21 15:29:05,976 DEBUG   SenderThread:40668 [sender.py:send_request():249] send_request: stop_status
2022-02-21 15:29:12,376 DEBUG   SenderThread:40668 [sender.py:send():235] send: stats
2022-02-21 15:29:25,992 DEBUG   HandlerThread:40668 [handler.py:handle_request():131] handle_request: stop_status
2022-02-21 15:29:25,993 DEBUG   SenderThread:40668 [sender.py:send_request():249] send_request: stop_status
2022-02-21 15:29:44,183 DEBUG   HandlerThread:40668 [handler.py:handle_request():131] handle_request: stop_status
2022-02-21 15:29:44,185 DEBUG   SenderThread:40668 [sender.py:send_request():249] send_request: stop_status
2022-02-21 15:29:51,255 DEBUG   SenderThread:40668 [sender.py:send():235] send: stats
2022-02-21 15:30:04,202 DEBUG   HandlerThread:40668 [handler.py:handle_request():131] handle_request: stop_status
2022-02-21 15:30:04,203 DEBUG   SenderThread:40668 [sender.py:send_request():249] send_request: stop_status
2022-02-21 15:30:16,505 INFO    Thread-12 :40668 [dir_watcher.py:_on_file_modified():230] file/dir modified: C:\Users\cseka\OneDrive\Documents\deeplearn\Deep-Learning\kj\wandb\run-20220221_152615-fvvrv6pc\files\output.log
2022-02-21 15:30:24,234 DEBUG   HandlerThread:40668 [handler.py:handle_request():131] handle_request: stop_status
2022-02-21 15:30:32,387 INFO    Thread-12 :40668 [dir_watcher.py:_on_file_modified():230] file/dir modified: C:\Users\cseka\OneDrive\Documents\deeplearn\Deep-Learning\kj\wandb\run-20220221_152615-fvvrv6pc\files\output.log
2022-02-21 15:30:44,294 DEBUG   HandlerThread:40668 [handler.py:handle_request():131] handle_request: stop_status
2022-02-21 15:30:50,733 ERROR   SenderThread:40668 [retry.py:__call__():126] Retry attempt failed:
Traceback (most recent call last):
  File "C:\ProgramData\Anaconda3\lib\site-packages\urllib3\connectionpool.py", line 346, in _make_request
    self._validate_conn(conn)
  File "C:\ProgramData\Anaconda3\lib\site-packages\urllib3\connectionpool.py", line 850, in _validate_conn
    conn.connect()
  File "C:\ProgramData\Anaconda3\lib\site-packages\urllib3\connection.py", line 326, in connect
    ssl_context=context)
  File "C:\ProgramData\Anaconda3\lib\site-packages\urllib3\util\ssl_.py", line 329, in ssl_wrap_socket
    return context.wrap_socket(sock, server_hostname=server_hostname)
  File "C:\ProgramData\Anaconda3\lib\ssl.py", line 407, in wrap_socket
    _context=self, _session=session)
  File "C:\ProgramData\Anaconda3\lib\ssl.py", line 814, in __init__
    self.do_handshake()
  File "C:\ProgramData\Anaconda3\lib\ssl.py", line 1068, in do_handshake
    self._sslobj.do_handshake()
  File "C:\ProgramData\Anaconda3\lib\ssl.py", line 689, in do_handshake
    self._sslobj.do_handshake()
socket.timeout: _ssl.c:817: The handshake operation timed out

During handling of the above exception, another exception occurred:

Traceback (most recent call last):
  File "C:\Users\cseka\AppData\Roaming\Python\Python36\site-packages\requests\adapters.py", line 449, in send
    timeout=timeout
  File "C:\ProgramData\Anaconda3\lib\site-packages\urllib3\connectionpool.py", line 639, in urlopen
    _stacktrace=sys.exc_info()[2])
  File "C:\ProgramData\Anaconda3\lib\site-packages\urllib3\util\retry.py", line 357, in increment
    raise six.reraise(type(error), error, _stacktrace)
  File "C:\ProgramData\Anaconda3\lib\site-packages\urllib3\packages\six.py", line 686, in reraise
    raise value
  File "C:\ProgramData\Anaconda3\lib\site-packages\urllib3\connectionpool.py", line 601, in urlopen
    chunked=chunked)
  File "C:\ProgramData\Anaconda3\lib\site-packages\urllib3\connectionpool.py", line 349, in _make_request
    self._raise_timeout(err=e, url=url, timeout_value=conn.timeout)
  File "C:\ProgramData\Anaconda3\lib\site-packages\urllib3\connectionpool.py", line 309, in _raise_timeout
    raise ReadTimeoutError(self, url, "Read timed out. (read timeout=%s)" % timeout_value)
urllib3.exceptions.ReadTimeoutError: HTTPSConnectionPool(host='api.wandb.ai', port=443): Read timed out. (read timeout=10)

During handling of the above exception, another exception occurred:

Traceback (most recent call last):
  File "C:\Users\cseka\AppData\Roaming\Python\Python36\site-packages\wandb\sdk\lib\retry.py", line 102, in __call__
    result = self._call_fn(*args, **kwargs)
  File "C:\Users\cseka\AppData\Roaming\Python\Python36\site-packages\wandb\sdk\internal\internal_api.py", line 140, in execute
    return self.client.execute(*args, **kwargs)
  File "C:\Users\cseka\AppData\Roaming\Python\Python36\site-packages\wandb\vendor\gql-0.2.0\gql\client.py", line 52, in execute
    result = self._get_result(document, *args, **kwargs)
  File "C:\Users\cseka\AppData\Roaming\Python\Python36\site-packages\wandb\vendor\gql-0.2.0\gql\client.py", line 60, in _get_result
    return self.transport.execute(document, *args, **kwargs)
  File "C:\Users\cseka\AppData\Roaming\Python\Python36\site-packages\wandb\vendor\gql-0.2.0\gql\transport\requests.py", line 38, in execute
    request = requests.post(self.url, **post_args)
  File "C:\Users\cseka\AppData\Roaming\Python\Python36\site-packages\requests\api.py", line 117, in post
    return request('post', url, data=data, json=json, **kwargs)
  File "C:\Users\cseka\AppData\Roaming\Python\Python36\site-packages\requests\api.py", line 61, in request
    return session.request(method=method, url=url, **kwargs)
  File "C:\Users\cseka\AppData\Roaming\Python\Python36\site-packages\requests\sessions.py", line 542, in request
    resp = self.send(prep, **send_kwargs)
  File "C:\Users\cseka\AppData\Roaming\Python\Python36\site-packages\requests\sessions.py", line 655, in send
    r = adapter.send(request, **kwargs)
  File "C:\Users\cseka\AppData\Roaming\Python\Python36\site-packages\requests\adapters.py", line 529, in send
    raise ReadTimeout(e, request=request)
requests.exceptions.ReadTimeout: HTTPSConnectionPool(host='api.wandb.ai', port=443): Read timed out. (read timeout=10)
2022-02-21 15:31:04,345 DEBUG   HandlerThread:40668 [handler.py:handle_request():131] handle_request: stop_status
2022-02-21 15:31:27,249 DEBUG   HandlerThread:40668 [handler.py:handle_request():131] handle_request: stop_status
2022-02-21 15:31:44,269 DEBUG   SenderThread:40668 [sender.py:send():235] send: history
2022-02-21 15:31:44,274 DEBUG   SenderThread:40668 [sender.py:send():235] send: summary
2022-02-21 15:31:44,287 INFO    SenderThread:40668 [sender.py:_save_file():944] saving file wandb-summary.json with policy end
2022-02-21 15:31:44,290 DEBUG   SenderThread:40668 [sender.py:send_request():249] send_request: stop_status
2022-02-21 15:31:44,691 INFO    Thread-12 :40668 [dir_watcher.py:_on_file_modified():230] file/dir modified: C:\Users\cseka\OneDrive\Documents\deeplearn\Deep-Learning\kj\wandb\run-20220221_152615-fvvrv6pc\files\wandb-summary.json
2022-02-21 15:31:44,901 DEBUG   HandlerThread:40668 [handler.py:handle_request():131] handle_request: stop_status
2022-02-21 15:31:45,069 DEBUG   SenderThread:40668 [sender.py:send():235] send: stats
2022-02-21 15:31:45,071 DEBUG   SenderThread:40668 [sender.py:send_request():249] send_request: stop_status
2022-02-21 15:31:45,789 DEBUG   SenderThread:40668 [sender.py:send_request():249] send_request: stop_status
2022-02-21 15:31:47,094 DEBUG   SenderThread:40668 [sender.py:send():235] send: stats
2022-02-21 15:31:47,098 DEBUG   SenderThread:40668 [sender.py:send_request():249] send_request: stop_status
2022-02-21 15:31:47,974 DEBUG   SenderThread:40668 [sender.py:send_request():249] send_request: stop_status
2022-02-21 15:31:56,660 WARNING MainThread:40668 [internal.py:wandb_internal():152] Internal process interrupt: 1
2022-02-21 15:32:01,341 INFO    Thread-12 :40668 [dir_watcher.py:_on_file_modified():230] file/dir modified: C:\Users\cseka\OneDrive\Documents\deeplearn\Deep-Learning\kj\wandb\run-20220221_152615-fvvrv6pc\files\output.log
2022-02-21 15:32:02,071 DEBUG   SenderThread:40668 [sender.py:send():235] send: history
2022-02-21 15:32:02,072 DEBUG   SenderThread:40668 [sender.py:send():235] send: summary
2022-02-21 15:32:02,078 INFO    SenderThread:40668 [sender.py:_save_file():944] saving file wandb-summary.json with policy end
2022-02-21 15:32:02,365 INFO    Thread-12 :40668 [dir_watcher.py:_on_file_modified():230] file/dir modified: C:\Users\cseka\OneDrive\Documents\deeplearn\Deep-Learning\kj\wandb\run-20220221_152615-fvvrv6pc\files\wandb-summary.json
2022-02-21 15:32:03,784 DEBUG   HandlerThread:40668 [handler.py:handle_request():131] handle_request: stop_status
2022-02-21 15:32:03,785 DEBUG   SenderThread:40668 [sender.py:send_request():249] send_request: stop_status
2022-02-21 15:32:06,599 DEBUG   SenderThread:40668 [sender.py:send():235] send: stats
2022-02-21 15:32:19,233 WARNING MainThread:40668 [internal.py:wandb_internal():152] Internal process interrupt: 2
2022-02-21 15:32:19,234 ERROR   MainThread:40668 [internal.py:wandb_internal():155] Internal process interrupted.
2022-02-21 15:32:19,396 DEBUG   HandlerThread:40668 [handler.py:handle_request():131] handle_request: stop_status
2022-02-21 15:32:19,397 INFO    HandlerThread:40668 [handler.py:finish():739] shutting down handler
2022-02-21 15:32:19,397 DEBUG   SenderThread:40668 [sender.py:send_request():249] send_request: stop_status
2022-02-21 15:32:19,806 INFO    WriterThread:40668 [datastore.py:close():281] close: C:\Users\cseka\OneDrive\Documents\deeplearn\Deep-Learning\kj\wandb\run-20220221_152615-fvvrv6pc\run-fvvrv6pc.wandb
2022-02-21 15:32:20,259 INFO    SenderThread:40668 [sender.py:finish():1075] shutting down sender
2022-02-21 15:32:20,261 INFO    SenderThread:40668 [dir_watcher.py:finish():283] shutting down directory watcher
2022-02-21 15:32:20,634 INFO    SenderThread:40668 [dir_watcher.py:finish():313] scan: C:\Users\cseka\OneDrive\Documents\deeplearn\Deep-Learning\kj\wandb\run-20220221_152615-fvvrv6pc\files
2022-02-21 15:32:20,637 INFO    SenderThread:40668 [dir_watcher.py:finish():327] scan save: C:\Users\cseka\OneDrive\Documents\deeplearn\Deep-Learning\kj\wandb\run-20220221_152615-fvvrv6pc\files\conda-environment.yaml conda-environment.yaml
2022-02-21 15:32:20,640 INFO    SenderThread:40668 [dir_watcher.py:finish():327] scan save: C:\Users\cseka\OneDrive\Documents\deeplearn\Deep-Learning\kj\wandb\run-20220221_152615-fvvrv6pc\files\config.yaml config.yaml
2022-02-21 15:32:20,644 INFO    SenderThread:40668 [dir_watcher.py:finish():327] scan save: C:\Users\cseka\OneDrive\Documents\deeplearn\Deep-Learning\kj\wandb\run-20220221_152615-fvvrv6pc\files\diff.patch diff.patch
2022-02-21 15:32:20,645 INFO    SenderThread:40668 [dir_watcher.py:finish():327] scan save: C:\Users\cseka\OneDrive\Documents\deeplearn\Deep-Learning\kj\wandb\run-20220221_152615-fvvrv6pc\files\output.log output.log
2022-02-21 15:32:20,648 INFO    SenderThread:40668 [dir_watcher.py:finish():327] scan save: C:\Users\cseka\OneDrive\Documents\deeplearn\Deep-Learning\kj\wandb\run-20220221_152615-fvvrv6pc\files\requirements.txt requirements.txt
2022-02-21 15:32:20,652 INFO    SenderThread:40668 [dir_watcher.py:finish():327] scan save: C:\Users\cseka\OneDrive\Documents\deeplearn\Deep-Learning\kj\wandb\run-20220221_152615-fvvrv6pc\files\wandb-metadata.json wandb-metadata.json
2022-02-21 15:32:20,653 INFO    SenderThread:40668 [dir_watcher.py:finish():327] scan save: C:\Users\cseka\OneDrive\Documents\deeplearn\Deep-Learning\kj\wandb\run-20220221_152615-fvvrv6pc\files\wandb-summary.json wandb-summary.json
2022-02-21 15:32:20,659 INFO    SenderThread:40668 [dir_watcher.py:finish():327] scan save: C:\Users\cseka\OneDrive\Documents\deeplearn\Deep-Learning\kj\wandb\run-20220221_152615-fvvrv6pc\files\code\kj\sweep_Run4.py code\kj\sweep_Run4.py
2022-02-21 15:32:20,660 INFO    SenderThread:40668 [file_pusher.py:finish():177] shutting down file pusher
2022-02-21 15:32:20,661 INFO    SenderThread:40668 [file_pusher.py:join():182] waiting for file pusher
2022-02-21 15:32:22,213 INFO    Thread-32 :40668 [upload_job.py:push():137] Uploaded file C:\Users\cseka\OneDrive\Documents\deeplearn\Deep-Learning\kj\wandb\run-20220221_152615-fvvrv6pc\files\config.yaml
2022-02-21 15:32:22,347 INFO    Thread-33 :40668 [upload_job.py:push():137] Uploaded file C:\Users\cseka\OneDrive\Documents\deeplearn\Deep-Learning\kj\wandb\run-20220221_152615-fvvrv6pc\files\output.log
2022-02-21 15:32:22,359 INFO    Thread-35 :40668 [upload_job.py:push():137] Uploaded file C:\Users\cseka\OneDrive\Documents\deeplearn\Deep-Learning\kj\wandb\run-20220221_152615-fvvrv6pc\files\wandb-summary.json
2022-02-21 15:32:22,605 INFO    Thread-34 :40668 [upload_job.py:push():137] Uploaded file C:\Users\cseka\OneDrive\Documents\deeplearn\Deep-Learning\kj\wandb\run-20220221_152615-fvvrv6pc\files\requirements.txt
2022-02-21 15:32:23,593 INFO    MainThread:40668 [internal.py:handle_exit():79] Internal process exited
